Case #1:
GGG
CCC
JJJ
Case #2:
CODE
CODE
CJAM
Case #3:
CA
KE
Case #4:
A
Case #5:
AAAAAAAABBBBBBBBBBBBBBBBB
AAAAAAAABBBBBBBBBBBBBBBBB
AAAAAAAABBBBBBBBBBBBBBBBB
AAAAAAAABBBBBBBBBBBBBBBBB
AAAAAAAABBBBBBBBBBBBBBBBB
AAAAAAAABBBBBBBBBBBBBBBBB
AAAAAAAABBBBBBBBBBBBBBBBB
AAAAAAAABBBBBBBBBBBBBBBBB
AAAAAAAABBBBBBBBBBBBBBBBB
CCCCCCCCBBBBBBBBBBBBBBBBB
CCCCCCCCDDDDDDDDDDDDDDDDD
EEEEEEEEDDDDDDDDDDDDDDDDD
EEEEEEEEDDDDDDDDDDDDDDDDD
EEEEEEEEDDDDDDDDDDDDDDDDD
EEEEEEEEDDDDDDDDDDDDDDDDD
EEEEEEEEDDDDDDDDDDDDDDDDD
EEEEEEEEDDDDDDDDDDDDDDDDD
EEEEEEEEDDDDDDDDDDDDDDDDD
EEEEEEEEDDDDDDDDDDDDDDDDD
EEEEEEEEFFFFFFFFFHHHHHHHH
EEEEEEEEFFFFFFFFF?IJJJJJJ
EEEEEEEEFFFFFFFFF?IJJJJJJ
EEEEEEEEFFFFFFFFF?IJJJJJJ
EEEEEEEEFFFFFFFFF?IJJJJJJ
EEEEEEEEGGGGGGGGGGIJJJJJJ
Case #6:
YGGGGGGGGGGGGGGGGGGGGGGGG
YGGGGGGGGGGGGGGGGGGGGGGGG
YGGGGGGGGGGGGGGGGGGGGGGGG
YNNNNNNNNNNNNNNNNNNNNNNNN
YNNNNNNNNNNNNNNNNNNNNNNNN
YBBBBBBBBBBBBBBQQQMMMLLLL
YBBBBBBBBBBBBBBQQQMMMLLLL
YFFFFFFFFFFFFFFQQQMMMLLLL
YFFFFFFFFFFFFFFQQQMMMLLLL
OOVVVVVVAAAAZZZZIIMMMLLLL
OOVVVVVVAAAAZZZZIIMMMLLLL
OOVVVVVVAAAAZZZZIIMMMLLLL
OOVVVVVV?WPPZZZZIIMMMRRRR
OOVVVVVV?WPPZZZZIIXXXRRRR
OOVVVVVV?WPPCCCEIIXXXRRRR
OOVVVVVV?WPPCCCEIIXXXRRRR
OOVVVVVV?WPPCCCEIIXXXRRRR
OOVVVVVV?WPPCCCEIIXXXRRRR
OOKKKKKKKWPPCCCEIIXXXRRRR
OODDDDDDDWPPCCCEIIXXXUUUU
OOJJJJJTTWPPCCCEIIXXXUUUU
HHJJJJJTTWPPCCCEIIXXXUUUU
HHJJJJJTTWPPCCCEIIXXXUUUU
HHJJJJJTTWPPCCCEIIXXXUUUU
HHJJJJJTTWPPSSSEIIXXXUUUU
Case #7:
BBBBBBBBBBBRRRRRRRRRRRRRR
BBBBBBBBBBBRRRRRRRRRRRRRR
BBBBBBBBBBBUUUUUUUUUUUUUU
BBBBBBBBBBBUUUUUUUUUUUUUU
BBBBBBBBBBB??YYYYYQQQQQQQ
JJJJJJJJJJJJJYYYYYQQQQQQQ
JJJJJJJJJJJJJYYYYYQQQQQQQ
JJJJJJJJJJJJJYYYYYQQQQQQQ
HHHHHHHHHHGGGYYYYYQQQQQQQ
HHHHHHHHHHGGGYYYYYQQQQQQQ
HHHHHHHHHHGGGYYYYYMMMMMEI
HHHHHHHHHHGGGYYYYYMMMMMEI
AAAAAAAAAAGGGYYYYYMMMMMEI
AAAAAAAAAAGGGYYYYYMMMMMEI
AAAAAAAAAAGGGYYYYYMMMMMEI
LLLLLLNNNNGGGYYYYYTTTTTEI
FFFFFFFFFSGGGYYYYYTTTTTEI
DDDDWWWWWSGGGYYYYYTTTTTEI
DDDDWWWWWSGGGYYYYYCCCCCEI
DDDDVVVXXSGGGYYYYYCCCCCEI
DDDDVVVXXPGGGYYYYYCCCCCEI
DDDDVVVXXPGGGYYYYYOOOOOEI
DDDDVVVXXPGGGZZZZZOOOOOEI
DDDDVVVXXPGGGZZZZZOOOOOEI
KKKKVVVXXPGGGZZZZZOOOOOEI
Case #8:
BB
AA
Case #9:
KKKKKKKKKKKKKKKKKKKKKKKKK
KKKKKKKKKKKKKKKKKKKKKKKKK
CCCCCCCCCCCCCCCCCCCCCCCCC
CCCCCCCCCCCCCCCCCCCCCCCCC
AAAAAAAAAAAAAAAAAAAAAJJEG
AAAAAAAAAAAAAAAAAAAAAMMEG
AAAAAAAAAAAAAAAAAAAAAMMEG
VVVVVVVVVVVVVVQQQFFFHHBEU
VVVVVVVVVVVVVVQQQFFFPPBEU
SSSSSSSSSSSSSNQQQFFFIYLTU
SSSSSSSSSSSSSNQQQFFFIYLTU
SSSSSSSSSSSSSNQQQFFFWYLXU
SSSSSSSSSSSSSNQQQFFFWZLXU
SSSSSSSSSSSSSNQQQFFFWZLXU
SSSSSSSSSSSSSNQQQFFFWZLDU
SSSSSSSSSSSSSNQQQOOOWZLDU
SSSSSSSSSSSSSNQQQOOOWZRDU
SSSSSSSSSSSSSNQQQOOOWZRDU
SSSSSSSSSSSSSNQQQOOOWZRDU
SSSSSSSSSSSSSNQQQOOOWZRDU
SSSSSSSSSSSSSNQQQOOOWZRDU
SSSSSSSSSSSSSNQQQOOOWZRDU
SSSSSSSSSSSSSNQQQOOOWZRDU
SSSSSSSSSSSSSNQQQOOOWZRDU
SSSSSSSSSSSSSNQQQOOOWZRDU
Case #10:
TTTTJXXXXXXXXXXXXXXXXXUGG
TTTTJXXXXXXXXXXXXXXXXXUGG
TTTTJXXXXXXXXXXXXXXXXXUGG
TTTTJXXXXXXXXXXXXXXXXXUGG
HQQQJXXXXXXXXXXXXXXXXXUGG
HQQQJZZZZZZZZZZZZZZZZZUGG
HQQQJZZZZZZZZZZZZZZZZZUGG
HQQQJOLLIIIFPPPPPMMMMAUGG
HQQQJOLLIIIFPPPPPMMMMAUGG
SQQQJOLLIIIFPPPPPMMMMAUGG
SQQQJOLLIIIFPPPPPMMMMAUGG
SQQQJOLLIIIFVVVVVMMMMAUGG
SQQQJOLLIIIFCCCCCMMMMAUGG
SQQQJOLLIIIFCCCCCMMMMAUGG
SQQQJOLLIIIFCCCCCMMMMAUGG
SQQQJOLLIIIFCCCCCMMMMAUGG
SQQQJOLLIIIFCCCCCMMMMAUGG
SQQQJOLLIIIFCCCCCMMMMAUGG
SQQQJOLLIIIF?WWWWMMMMAUGG
SQQQJOLLIIIF?WWWWKKDDAUGG
SQQQJOLLYYYF?WWWWKKDDAUGG
SNNNJOLLYYYF?WWWWKKDDAUGG
SNNNJOLLYYYF?WWWWKKDDAUGG
BNNNJOLLYYYEEWWWWKKDDAUGG
BNNNJOLLYYYRRWWWWKKDDAUGG
Case #11:
AAAAAAAAAAAAAAAAAAAAAAAAA
BBBBBBBBBBBBBBBBBBBBBBBBB
CCCCCCCCCCCCCCCCCCCCCCCCC
DDDDDDDDDDDDDDDDDDDDDDDDD
EEEEEEEEEEEEEEEEEEEEEEEEE
FFFFFFFFFFFFFFFFFFFFFFFFF
GGGGGGGGGGGGGGGGGGGGGGGGG
HHHHHHHHHHHHHHHHHHHHHHHHH
IIIIIIIIIIIIIIIIIIIIIIIII
JJJJJJJJJJJJJJJJJJJJJJJJJ
KKKKKKKKKKKKKKKKKKKKKKKKK
LLLLLLLLLLLLLLLLLLLLLLLLL
MMMMMMMMMMMMMMMMMMMMMMMMM
NNNNNNNNNNNNNNNNNNNNNNNNN
OOOOOOOOOOOOOOOOOOOOOOOOO
PPPPPPPPPPPPPPPPPPPPPPPPP
QQQQQQQQQQQQQQQQQQQQQQQQQ
RRRRRRRRRRRRRRRRRRRRRRRRR
SSSSSSSSSSSSSSSSSSSSSSSSS
TTTTTTTTTTTTTTTTTTTTTTTTT
UUUUUUUUUUUUUUUUUUUUUUUUU
VVVVVVVVVVVVVVVVVVVVVVVVV
WWWWWWWWWWWWWWWWWWWWWWWWW
XXXXXXXXXXXXXXXXXXXXXXXXX
YYYYYYYYYYYYYYYYYYYYYYYYY
Case #12:
AAAAACCCCCCCCCCCCCCCCCCCC
AAAAACCCCCCCCCCCCCCCCCCCC
AAAAA?DEEEEEEEEEEEEEEEEEE
AAAAA?DEEEEEEEEEEEEEEEEEE
AAAAA?DEEEEEEEEEEEEEEEEEE
AAAAA?DEEEEEEEEEEEEEEEEEE
BBBBBBDEEEEEEEEEEEEEEEEEE
BBBBBBDEEEEEEEEEEEEEEEEEE
BBBBBBDEEEEEEEEEEEEEEEEEE
BBBBBBDEEEEEEEEEEEEEEEEEE
BBBBBBDEEEEEEEEEEEEEEEEEE
BBBBBBDEEEEEEEEEEEEEEEEEE
BBBBBBDEEEEEEEEEEEEEEEEEE
BBBBBBDEEEEEEEEEEEEEEEEEE
BBBBBBDEEEEEEEEEEEEEEEEEE
BBBBBBDEEEEEEEEEEEEEEEEEE
BBBBBBDEEEEEEEEEEEEEEEEEE
BBBBBBDFFFFFFFFFFFFFFFFGG
BBBBBBDHHHHHHHHHHHHHHHHGG
BBBBBBDHHHHHHHHHHHHHHHHII
BBBBBBDJJJJJJJJJJJJJJJJII
BBBBBBDJJJJJJJJJJJJJJJJII
BBBBBBDJJJJJJJJJJJJJJJJII
BBBBBBDJJJJJJJJJJJJJJJJII
BBBBBBDJJJJJJJJJJJJJJJJII
Case #13:
AAAAAAAAAABBBBBBBBBBBBBBB
AAAAAAAAAABBBBBBBBBBBBBBB
AAAAAAAAAABBBBBBBBBBBBBBB
AAAAAAAAAABBBBBBBBBBBBBBB
AAAAAAAAAABBBBBBBBBBBBBBB
AAAAAAAAAABBBBBBBBBBBBBBB
AAAAAAAAAABBBBBBBBBBBBBBB
AAAAAAAAAABBBBBBBBBBBBBBB
AAAAAAAAAABBBBBBBBBBBBBBB
CCCCCCCCCCBBBBBBBBBBBBBBB
CCCCCCCCCCDDDDDDDDDDDDDDD
EEEEEEEEEEDDDDDDDDDDDDDDD
EEEEEEEEEEDDDDDDDDDDDDDDD
EEEEEEEEEEFFFFFFFFFFHHHHH
EEEEEEEEEEFFFFFFFFFF?IJJJ
EEEEEEEEEEFFFFFFFFFF?IJJJ
EEEEEEEEEEFFFFFFFFFF?IJJJ
EEEEEEEEEEFFFFFFFFFF?IJJJ
EEEEEEEEEEGGGGGGGGGGGIJJJ
EEEEEEEEEEGGGGGGGGGGGIJJJ
EEEEEEEEEEGGGGGGGGGGGIJJJ
EEEEEEEEEEGGGGGGGGGGGIJJJ
EEEEEEEEEEGGGGGGGGGGGIJJJ
EEEEEEEEEEGGGGGGGGGGGIJJJ
EEEEEEEEEEGGGGGGGGGGGIJJJ
Case #14:
AAAAAABBBBBBBBBBBBBBBBBBB
AAAAAABBBBBBBBBBBBBBBBBBB
CCCCCCBBBBBBBBBBBBBBBBBBB
CCCCCCDDDDDDDDDDDDDDDDDDD
EEEEEEDDDDDDDDDDDDDDDDDDD
EEEEEEDDDDDDDDDDDDDDDDDDD
EEEEEEDDDDDDDDDDDDDDDDDDD
EEEEEEDDDDDDDDDDDDDDDDDDD
EEEEEEDDDDDDDDDDDDDDDDDDD
EEEEEEDDDDDDDDDDDDDDDDDDD
EEEEEEDDDDDDDDDDDDDDDDDDD
EEEEEEDDDDDDDDDDDDDDDDDDD
EEEEEEDDDDDDDDDDDDDDDDDDD
EEEEEEDDDDDDDDDDDDDDDDDDD
EEEEEEDDDDDDDDDDDDDDDDDDD
EEEEEEDDDDDDDDDDDDDDDDDDD
EEEEEEDDDDDDDDDDDDDDDDDDD
EEEEEEFFFFFFFFFFHHHHHHHHH
EEEEEEFFFFFFFFFF?IJJJJJJJ
EEEEEEFFFFFFFFFF?IJJJJJJJ
EEEEEEFFFFFFFFFF?IJJJJJJJ
EEEEEEFFFFFFFFFF?IJJJJJJJ
EEEEEEGGGGGGGGGGGIJJJJJJJ
EEEEEEGGGGGGGGGGGIJJJJJJJ
EEEEEEGGGGGGGGGGGIJJJJJJJ
Case #15:
VVVVVVVVVVVVVVVVVVVVVVVVV
KKKKKKKKFFFFFFFFFFFFFFFFF
KKKKKKKKFFFFFFFFFFFFFFFFF
AAAAAAAPZZZZZZZZZZZZZZZZZ
DDDDUSSQIIIGGGGGGGGGGGGGG
DDDDUYYQRRRGGGGGGGGGGGGGG
NNNNUOOHEELGGGGGGGGGGGGGG
NNNNUJCWWXBGGGGGGGGGGGGGG
NNNNUJMMTXBGGGGGGGGGGGGGG
NNNNUJMMTXBGGGGGGGGGGGGGG
NNNNUJMMTXBGGGGGGGGGGGGGG
NNNNUJMMTXBGGGGGGGGGGGGGG
NNNNUJMMTXBGGGGGGGGGGGGGG
NNNNUJMMTXBGGGGGGGGGGGGGG
NNNNUJMMTXBGGGGGGGGGGGGGG
NNNNUJMMTXBGGGGGGGGGGGGGG
NNNNUJMMTXBGGGGGGGGGGGGGG
NNNNUJMMTXBGGGGGGGGGGGGGG
NNNNUJMMTXBGGGGGGGGGGGGGG
NNNNUJMMTXBGGGGGGGGGGGGGG
NNNNUJMMTXBGGGGGGGGGGGGGG
NNNNUJMMTXBGGGGGGGGGGGGGG
NNNNUJMMTXBGGGGGGGGGGGGGG
NNNNUJMMTXBGGGGGGGGGGGGGG
NNNNUJMMTXBGGGGGGGGGGGGGG
Case #16:
KKKKKKKKHHHHHHHHHHHIIIII
KKKKKKKKHHHHHHHHHHHIIIII
KKKKKKKKHHHHHHHHHHHIIIII
KKKKKKKKHHHHHHHHHHHIIIII
SSSSSSSSSSSSSSSVVXXIIIII
UUUUUUUUUUUUUUUUMXXIIIII
RRYYYYYYYYYYQQWWMXXIIIII
RRYYYYYYYYYYQQWWMXXIIIII
RRYYYYYYYYYYQQWWMXXDDDFF
RRYYYYYYYYYYQQWWMXXDDDFF
RRYYYYYYYYYYQQWWMXXDDDFF
RRYYYYYYYYYYQQWWMXXDDDFF
RRYYYYYYYYYYQQJJMXXDDDFF
RRYYYYYYYYYYQQJJMXXDDDFF
RRTTTTTTTTTTQQJJMXXDDDFF
RRTTTTTTTTTTQQJJMXXDDDFF
RRTTTTTTTTTTQQJJMXXDDDFF
RROOOAAAAAPPQQJJMXXDDDFF
RROOOAAAAAPPQQJJMXXDDDFF
RROOOAAAAAPPQQJJMXXDDDFF
RRNNNAAAAAPPQQJJMXXDDDFF
RRNNNAAAAAPPQQJJMXXDDDFF
RRBBBAAAAAPPQQJJMXXDDDFF
RRBBBAAAAAPPQQJJMXXDDDFF
RRBBBLLLLLGEQQJJMCCDDDFF
Case #17:
ZZZZZZDDDDDDEEEEEIHHHHHHH
ZZZZZZDDDDDDEEEEEIHHHHHHH
ZZZZZZDDDDDD?CCCCIHHHHHHH
ZZZZZZ?????BBCCCCIHHHHHHH
MMMMMMMMMMMBBCCCCIHHHHHHH
MMMMMMMMMMMBBCCCCIHHHHHHH
OOOOOOOOORRBBCCCCIHHHHHHH
OOOOOOOOORRBBCCCCIHHHHHHH
OOOOOOOOORRBBCCCCIHHHHHHH
OOOOOOOOORRBBCCCCIHHHHHHH
OOOOOOOOORRBBCCCCIHHHHHHH
OOOOOOOOORRBBCCCCIHHHHHHH
VVVVVVVYJRRBBCCCCIHHHHHHH
VVVVVVVYJRRBBCCCCIHHHHHHH
VVVVVVVYJRRBBCCCCIHHHHHHH
VVVVVVVYJRRBBCCCCIPPPPPPP
VVVVVVVYJRRTTCCCCLPPPPPPP
AQQQXUUYJRRTTWWWWLKKSSSSS
AQQQXUUYJRRTTWWWWLKKSSSSS
AQQQXUUYJRRTTWWWWLKKSSSSS
AQQQGUUYJRRTTFNNNLKKSSSSS
AQQQGUUYJRRTTFNNNLKKSSSSS
AQQQGUUYJRRTTFNNNLKKSSSSS
AQQQGUUYJRRTTFNNNLKKSSSSS
AQQQGUUYJRRTTFNNNLKKSSSSS
Case #18:
AAAAAAAAAAAAAAAIIIIIIIIII
AAAAAAAAAAAAAAAIIIIIIIIII
AAAAAAAAAAAAAAAIIIIIIIIII
AAAAAAAAAAAAAAAIIIIIIIIII
QQQQQQQQQQQQQQQIIIIIIIIII
FFFFFFFFFFFFFFUIIIIIIIIII
VVVVVVVVVVHHHHUKKKKKKKKKK
VVVVVVVVVVHHHHUKKKKKKKKKK
ZZZZZZZEEEHHHHUKKKKKKKKKK
XXXXXMMEEEHHHHUKKKKKKKKKK
XXXXXMMEEEHHHHUSSSSSSSSSS
XXXXXMMEEEHHHHUCCCCCCCCCC
XXXXXMMEEEHHHHUCCCCCCCCCC
XXXXXMMEEEHHHHUCCCCCCCCCC
XXXXXMMWYYHHHHUCCCCCCCCCC
XXXXXMMWYYHHHHUNBBBBBBBBB
XXXXXMMWYYHHHHUNBBBBBBBBB
XXXXXMMWYYHHHHUNBBBBBBBBB
XXXXXMMWYYHHHHUNBBBBBBBBB
XXXXXMMWYYHHHHUNBBBBBBBBB
XXXXXMMWYYHHHHUNDDDDRPTTT
XXXXXMMWYYHHHHUNDDDDRPTTT
XXXXXMMWYYHHHHUNDDDDRPTTT
XXXXXMMWLLHHHHUNDDDDRPTTT
GGGGGMMWLLJJJJUNDDDDROTTT
Case #19:
AAAAAAAAAAAAAAABBBBBBBBBB
AAAAAAAAAAAAAAABBBBBBBBBB
AAAAAAAAAAAAAAABBBBBBBBBB
AAAAAAAAAAAAAAABBBBBBBBBB
AAAAAAAAAAAAAAABBBBBBBBBB
AAAAAAAAAAAAAAABBBBBBBBBB
AAAAAAAAAAAAAAABBBBBBBBBB
AAAAAAAAAAAAAAABBBBBBBBBB
AAAAAAAAAAAAAAABBBBBBBBBB
AAAAAAAAAAAAAAABBBBBBBBBB
AAAAAAAAAAAAAAABBBBBBBBBB
AAAAAAAAAAAAAAABBBBBBBBBB
AAAAAAAAAAAAAAABBBBBBBBBB
AAAAAAAAAAAAAAABBBBBBBBBB
AAAAAAAAAAAAAAABBBBBBBBBB
AAAAAAAAAAAAAAABBBBBBBBBB
AAAAAAAAAAAAAAABBBBBBBBBB
AAAAAAAAAAAAAAABBBBBBBBBB
CCCCCCCCCCCCCCCBBBBBBBBBB
CCCCCCCCCCCCCCCDDDDDDDDDD
EEEEEEEEEEEEEEEDDDDDDDDDD
EEEEEEEEEEEEEEEDDDDDDDDDD
EEEEEEEEEEEEEEEDDDDDDDDDD
EEEEEEEEEEEEEEEDDDDDDDDDD
EEEEEEEEEEEEEEEDDDDDDDDDD
Case #20:
FFFFFFFFFFFFFFFFFFFFFFFFF
FFFFFFFFFFFFFFFFFFFFFFFFF
FFFFFFFFFFFFFFFFFFFFFFFFF
FFFFFFFFFFFFFFFFFFFFFFFFF
FFFFFFFFFFFFFFFFFFFFFFFFF
FFFFFFFFFFFFFFFFFFFFFFFFF
FFFFFFFFFFFFFFFFFFFFFFFFF
DDDDDDDDDDDDDRRRRRRRRRRRR
DDDDDDDDDDDDDRRRRRRRRRRRR
JJJJJJJJJJJJJJIAAAAAAAAAA
UUUUUUUUUOXZNWQAAAAAAAAAA
UUUUUUUUUOXVNWQAAAAAAAAAA
UUUUUUUUUOCVNYPPMMMMMMMMM
UUUUUUUUUOSBTLLHMMMMMMMMM
UUUUUUUUUOSBGLLHMMMMMMMMM
UUUUUUUUUOSKELLHMMMMMMMMM
UUUUUUUUUOSKELLHMMMMMMMMM
UUUUUUUUUOSKELLHMMMMMMMMM
UUUUUUUUUOSKELLHMMMMMMMMM
UUUUUUUUUOSKELLHMMMMMMMMM
UUUUUUUUUOSKELLHMMMMMMMMM
UUUUUUUUUOSKELLHMMMMMMMMM
UUUUUUUUUOSKELLHMMMMMMMMM
UUUUUUUUUOSKELLHMMMMMMMMM
UUUUUUUUUOSKELLHMMMMMMMMM
Case #21:
WWWWWWWWWWWWWWWWWWWWWWVKJ
WWWWWWWWWWWWWWWWWWWWWWVKJ
WWWWWWWWWWWWWWWWWWWWWWVKJ
WWWWWWWWWWWWWWWWWWWWWWVKJ
WWWWWWWWWWWWWWWWWWWWWWVKJ
WWWWWWWWWWWWWWWWWWWWWWVKJ
WWWWWWWWWWWWWWWWWWWWWWVKJ
WWWWWWWWWWWWWWWWWWWWWWVKJ
WWWWWWWWWWWWWWWWWWWWWWVKJ
WWWWWWWWWWWWWWWWWWWWWWVKJ
WWWWWWWWWWWWWWWWWWWWWWVKJ
WWWWWWWWWWWWWWWWWWWWWWVKJ
WWWWWWWWWWWWWWWWWWWWWWVKJ
WWWWWWWWWWWWWWWWWWWWWWVKJ
WWWWWWWWWWWWWWWWWWWWWWVKJ
WWWWWWWWWWWWWWWWWWWWWWVKJ
WWWWWWWWWWWWWWWWWWWWWWVKJ
WWWWWWWWWWWWWWWWWWWWWWVKE
WWWWWWWWWWWWWWWWWWWWWWVKR
HHHHHHHHHHHHHHHHHHHHHLVKU
XXXXXXXXXXXXXXXXXXXXBLIKZ
AAAAAAAAAAAAAAAAAAAABLIKO
AAAAAAAAAAAAAAAAAAAABLIKY
NNNNNNNNNNNNNNNNNNQDCLGKF
NNNNNNNNNNNNNNNNNNQSCLPTM
Case #22:
GNJJJJJHXXXXXXXXXXFFFFFFF
GNJJJJJHXXXXXXXXXX??????C
GNJJJJJHXXXXXXXXXX??????C
GNJJJJJHXXXXXXXXXX??????C
GNJJJJJHXXXXXXXXXX??????C
GNJJJJJHXXXXXXXXXX??????C
GNJJJJJHQQQQQQQQQQQQQQQQC
GNJJJJJHLVVVIIIIIDDDDDDDC
GNJJJJJHLVVVIIIIIDDDDDDDY
GNJJJJJHLVVVIIIIIDDDDDDDY
GNJJJJJHLVVVZZAAADDDDDDDY
GNSSSSSHLVVVZZAAADDDDDDDY
GNSSSSSHLVVVZZAAADDDDDDDY
GNSSSSSHLVVVZZAAAEEEEBBBY
GNSSSSSHLVVVZZAAAEEEEBBBY
GNSSSSSHLVVVZZAAAEEEEBBBY
GNSSSSSHLVVVZZAAAEEEEBBBY
GNMMMMMHLVVVZZAAAEEEEBBBY
GNUUUUOHLVVVZZAAAEEEEBBBY
GNUUUUOHLVVVZZAAARRRKBBBY
WNUUUUOHLVVVZZAAARRRKBBBY
WNPPPPOHLVVVZZAAARRRKBBBY
WNPPPPOHLVVVZZAAARRRKBBBY
WNPPPPOHLVVVZZAAARRRKBBBY
WNTTTTOHLVVVZZAAARRRKBBBY
Case #23:
RRRRRRRRRRRRRRRRRRUUIOOOO
RRRRRRRRRRRRRRRRRRUUIOOOO
RRRRRRRRRRRRRRRRRRUUIOOOO
RRRRRRRRRRRRRRRRRRUUIOOOO
RRRRRRRRRRRRRRRRRRUUIOOOO
RRRRRRRRRRRRRRRRRRUUIOOOO
RRRRRRRRRRRRRRRRRRUUIOOOO
RRRRRRRRRRRRRRRRRRUUIOOOO
RRRRRRRRRRRRRRRRRRUUIOOOO
RRRRRRRRRRRRRRRRRRUUIOOOO
RRRRRRRRRRRRRRRRRRUUIOOOO
RRRRRRRRRRRRRRRRRRUUIOOOO
RRRRRRRRRRRRRRRRRRUUIOOOO
RRRRRRRRRRRRRRRRRRUUIOOOO
RRRRRRRRRRRRRRRRRRUUIMMMM
RRRRRRRRRRRRRRRRRRUUIMMMM
BBBBBBBBBBBBBBBBBBUUKHJJJ
BBBBBBBBBBBBBBBBBBNNZHTTT
BBBBBBBBBBBBBBBBBBNNZHTTT
BBBBBBBBBBBBBBBBBBNNZHQQQ
VVVVVVVVVVVVSSSXGGEAFWQQQ
VVVVVVVVVVVVSSSXGGEAFWPPP
VVVVVVVVVVVVSSSXGGEAFWDDD
VVVVVVVVVVVVSSSXGGEAFWDDD
VVVVVVVVVVVVCCCXYYELFWDDD
Case #24:
ABCDEFGHIJKLMNOPQRSTUVWXY
ABCDEFGHIJKLMNOPQRSTUVWXY
ABCDEFGHIJKLMNOPQRSTUVWXY
ABCDEFGHIJKLMNOPQRSTUVWXY
ABCDEFGHIJKLMNOPQRSTUVWXY
ABCDEFGHIJKLMNOPQRSTUVWXY
ABCDEFGHIJKLMNOPQRSTUVWXY
ABCDEFGHIJKLMNOPQRSTUVWXY
ABCDEFGHIJKLMNOPQRSTUVWXY
ABCDEFGHIJKLMNOPQRSTUVWXY
ABCDEFGHIJKLMNOPQRSTUVWXY
ABCDEFGHIJKLMNOPQRSTUVWXY
ABCDEFGHIJKLMNOPQRSTUVWXY
ABCDEFGHIJKLMNOPQRSTUVWXY
ABCDEFGHIJKLMNOPQRSTUVWXY
ABCDEFGHIJKLMNOPQRSTUVWXY
ABCDEFGHIJKLMNOPQRSTUVWXY
ABCDEFGHIJKLMNOPQRSTUVWXY
ABCDEFGHIJKLMNOPQRSTUVWXY
ABCDEFGHIJKLMNOPQRSTUVWXY
ABCDEFGHIJKLMNOPQRSTUVWXY
ABCDEFGHIJKLMNOPQRSTUVWXY
ABCDEFGHIJKLMNOPQRSTUVWXY
ABCDEFGHIJKLMNOPQRSTUVWXY
ABCDEFGHIJKLMNOPQRSTUVWXY
Case #25:
UIIIIIIIIIIIIIIIIIIIIIIII
UIIIIIIIIIIIIIIIIIIIIIIII
UIIIIIIIIIIIIIIIIIIIIIIII
UIIIIIIIIIIIIIIIIIIIIIIII
UIIIIIIIIIIIIIIIIIIIIIIII
UYYYYYYYYYYYYLLLLLLLLLLLL
UEEEEEEEEEEEEEEEEEEEERRRR
U???NMMMMMMMMMMMMMMMMRRRR
CCCCNMMMMMMMMMMMMMMMMRRRR
CCCCNMMMMMMMMMMMMMMMMRRRR
CCCCTTTTDDDDXXXXXXXXXXXBB
CCCCTTTTDDDDXXXXXXXXXXXGG
PPPPPPQQDDDDXXXXXXXXXXXGG
PPPPPPQQFFFFXXXXXXXXXXXGG
PPPPPPQQFFFFXXXXXXXXXXXGG
PPPPPPQQFFFFAASSSSSSSSSGG
PPPPPPQQFFFFAASSSSSSSSSGG
PPPPPPOOFFFFAASSSSSSSSSGG
PPPPPPOOFFFFAASSSSSSSSSGG
PPPPPPOOFFFFAASSSSSSSSSGG
PPPPPPHHFFFFAAVVVVVKKKKGG
PPPPPPHHFFFFAAVVVVVKKKKWW
JJJJJJHHFFFFAAVVVVVKKKKWW
JJJJJJHHFFFFAAVVVVVKKKKWW
Case #26:
AB
Case #27:
MLLLL
MLLLL
KIAAA
GCHJJ
BNOJJ
EFOJJ
DFOJJ
Case #28:
ABCDEFGHIJKLMNOPQRSTUVWXY
ABCDEFGHIJKLMNOPQRSTUVWXY
ABCDEFGHIJKLMNOPQRSTUVWXY
ABCDEFGHIJKLMNOPQRSTUVWXY
ABCDEFGHIJKLMNOPQRSTUVWXY
ABCDEFGHIJKLMNOPQRSTUVWXY
ABCDEFGHIJKLMNOPQRSTUVWXY
ABCDEFGHIJKLMNOPQRSTUVWXY
ABCDEFGHIJKLMNOPQRSTUVWXY
ABCDEFGHIJKLMNOPQRSTUVWXY
ABCDEFGHIJKLMNOPQRSTUVWXY
ABCDEFGHIJKLMNOPQRSTUVWXY
ABCDEFGHIJKLMNOPQRSTUVWXY
ABCDEFGHIJKLMNOPQRSTUVWXY
ABCDEFGHIJKLMNOPQRSTUVWXY
ABCDEFGHIJKLMNOPQRSTUVWXY
ABCDEFGHIJKLMNOPQRSTUVWXY
ABCDEFGHIJKLMNOPQRSTUVWXY
ABCDEFGHIJKLMNOPQRSTUVWXY
ABCDEFGHIJKLMNOPQRSTUVWXY
ABCDEFGHIJKLMNOPQRSTUVWXY
ABCDEFGHIJKLMNOPQRSTUVWXY
ABCDEFGHIJKLMNOPQRSTUVWXY
ABCDEFGHIJKLMNOPQRSTUVWXY
ABCDEFGHIJKLMNOPQRSTUVWXY
Case #29:
AAAAABBBBBBBBBBBBBBBBBBBB
AAAAABBBBBBBBBBBBBBBBBBBB
AAAAABBBBBBBBBBBBBBBBBBBB
AAAAABBBBBBBBBBBBBBBBBBBB
AAAAABBBBBBBBBBBBBBBBBBBB
CCCCCBBBBBBBBBBBBBBBBBBBB
CCCCCDDDDDDDDDDDDDDDDDDDD
EEEEEDDDDDDDDDDDDDDDDDDDD
EEEEEDDDDDDDDDDDDDDDDDDDD
EEEEEDDDDDDDDDDDDDDDDDDDD
EEEEEDDDDDDDDDDDDDDDDDDDD
EEEEEDDDDDDDDDDDDDDDDDDDD
EEEEEDDDDDDDDDDDDDDDDDDDD
EEEEEDDDDDDDDDDDDDDDDDDDD
EEEEEDDDDDDDDDDDDDDDDDDDD
EEEEEDDDDDDDDDDDDDDDDDDDD
EEEEEFFFFFFFFFFFFFHHHHHHH
EEEEEFFFFFFFFFFFFF?IJJJJJ
EEEEEFFFFFFFFFFFFF?IJJJJJ
EEEEEFFFFFFFFFFFFF?IJJJJJ
EEEEEFFFFFFFFFFFFF?IJJJJJ
EEEEEGGGGGGGGGGGGGGIJJJJJ
EEEEEGGGGGGGGGGGGGGIJJJJJ
EEEEEGGGGGGGGGGGGGGIJJJJJ
EEEEEGGGGGGGGGGGGGGIJJJJJ
Case #30:
TTTTTTTTTTTTTTTTPPPMBRRRR
TTTTTTTTTTTTTTTTPPPMBRRRR
TTTTTTTTTTTTTTTTPPPMBRRRR
TTTTTTTTTTTTTTTTPPPMBRRRR
TTTTTTTTTTTTTTTTPPPMBRRRR
TTTTTTTTTTTTTTTTPPPMBRRRR
TTTTTTTTTTTTTTTTPPPMBRRRR
TTTTTTTTTTTTTTTTPPPMBRRRR
TTTTTTTTTTTTTTTTPPPMBRRRR
TTTTTTTTTTTTTTTTPPPMBRRRR
TTTTTTTTTTTTTTTTPPPMBRRRR
TTTTTTTTTTTTTTTTPPPMBRRRR
TTTTTTTTTTTTTTTTPPPMBRRRR
TTTTTTTTTTTTTTTTPPPMBRRRR
TTTTTTTTTTTTTTTTPPPMBRRRR
TTTTTTTTTTTTTTTTPPPMBRRRR
JJJJJJJJJJJJJJJWWNVZBUYYY
JJJJJJJJJJJJJJJWWHVCBUYYY
JJJJJJJJJJJJJJJWWEVLBKXXX
JJJJJJJJJJJJJJJQAEVLGKXXX
JJJJJJJJJJJJJJJQSIFOGKXXX
JJJJJJJJJJJJJJJQSIDOGKXXX
JJJJJJJJJJJJJJJQSIDOGKXXX
JJJJJJJJJJJJJJJQSIDOGKXXX
JJJJJJJJJJJJJJJQSIDOGKXXX
Case #31:
CB
CA
Case #32:
AAAAAAAAAAAAAAAAAAAAAAAAA
BBBBBBBBBBBBBBBBBBBBBBBBB
CCCCCCCCCCCCCCCCCCCCCCCCC
DDDDDDDDDDDDDDDDDDDDDDDDD
EEEEEEEEEEEEEEEEEEEEEEEEE
FFFFFFFFFFFFFFFFFFFFFFFFF
GGGGGGGGGGGGGGGGGGGGGGGGG
HHHHHHHHHHHHHHHHHHHHHHHHH
IIIIIIIIIIIIIIIIIIIIIIIII
JJJJJJJJJJJJJJJJJJJJJJJJJ
KKKKKKKKKKKKKKKKKKKKKKKKK
LLLLLLLLLLLLLLLLLLLLLLLLL
MMMMMMMMMMMMMMMMMMMMMMMMM
NNNNNNNNNNNNNNNNNNNNNNNNN
OOOOOOOOOOOOOOOOOOOOOOOOO
PPPPPPPPPPPPPPPPPPPPPPPPP
QQQQQQQQQQQQQQQQQQQQQQQQQ
RRRRRRRRRRRRRRRRRRRRRRRRR
SSSSSSSSSSSSSSSSSSSSSSSSS
TTTTTTTTTTTTTTTTTTTTTTTTT
UUUUUUUUUUUUUUUUUUUUUUUUU
VVVVVVVVVVVVVVVVVVVVVVVVV
WWWWWWWWWWWWWWWWWWWWWWWWW
XXXXXXXXXXXXXXXXXXXXXXXXX
YYYYYYYYYYYYYYYYYYYYYYYYY
Case #33:
VVVOFFFFFFFFFFFFFFFFFFFFF
VVVOFFFFFFFFFFFFFFFFFFFFF
VVVOFFFFFFFFFFFFFFFFFFFFF
VVVOFFFFFFFFFFFFFFFFFFFFF
VVVOFFFFFFFFFFFFFFFFFFFFF
CCCOFFFFFFFFFFFFFFFFFFFFF
CCCOGGGGGGGGGGGGGGGGGSSSS
CCCOGGGGGGGGGGGGGGGGGSSSS
CCCOGGGGGGGGGGGGGGGGG?NNN
CCCODDDDDDDDDDDDDQQQQQNNN
CCCOAYYYYYYYYYYYYYMMMMNNN
CCCOAYYYYYYYYYYYYYMMMMNNN
CCCOAYYYYYYYYYYYYYMMMMNNN
CCCWAXXXXXXXXXXXXXMMMMNNN
CCCWAXXXXXXXXXXXXXMMMMNNN
CCCWAXXXXXXXXXXXXXHHHHNNN
CCCWAXXXXXXXXXXXXXHHHHNNN
CCCBAXXXXXXXXXXXXXHHHHNNN
CCCBAZZZZZZZZZZEJJHHHHNNN
CCCTAZZZZZZZZZZEJJHHHHNNN
CCCTALLLLLLLLLLEJJHHHHNNN
CCCTALLLLLLLLLLEJJHHHHPPP
CCCTALLLLLLLLLLEJJHHHHPPP
CCCTULLLLLLLLLLEJJHHHHPPP
CCCTURRRRRRKKKIEJJHHHHPPP
Case #34:
AAAAAAAAAAABBBBBBBBBBBBBB
AAAAAAAAAAABBBBBBBBBBBBBB
AAAAAAAAAAABBBBBBBBBBBBBB
AAAAAAAAAAABBBBBBBBBBBBBB
AAAAAAAAAAABBBBBBBBBBBBBB
AAAAAAAAAAABBBBBBBBBBBBBB
AAAAAAAAAAABBBBBBBBBBBBBB
AAAAAAAAAAABBBBBBBBBBBBBB
AAAAAAAAAAABBBBBBBBBBBBBB
AAAAAAAAAAABBBBBBBBBBBBBB
AAAAAAAAAAABBBBBBBBBBBBBB
AAAAAAAAAAABBBBBBBBBBBBBB
AAAAAAAAAAABBBBBBBBBBBBBB
AAAAAAAAAAABBBBBBBBBBBBBB
AAAAAAAAAAABBBBBBBBBBBBBB
AAAAAAAAAAABBBBBBBBBBBBBB
AAAAAAAAAAABBBBBBBBBBBBBB
AAAAAAAAAAABBBBBBBBBBBBBB
CCCCCCCCCCCBBBBBBBBBBBBBB
CCCCCCCCCCCDDDDDDDDDDDDDD
EEEEEEEEEEEDDDDDDDDDDDDDD
EEEEEEEEEEEDDDDDDDDDDDDDD
EEEEEEEEEEEDDDDDDDDDDDDDD
EEEEEEEEEEEDDDDDDDDDDDDDD
EEEEEEEEEEEDDDDDDDDDDDDDD
Case #35:
AAAAAAAAAAAAAAAAAAAAAAAAA
BBBBBBBBBBBBBBBBBBBBBBBBB
CCCCCCCCCCCCCCCCCCCCCCCCC
DDDDDDDDDDDDDDDDDDDDDDDDD
EEEEEEEEEEEEEEEEEEEEEEEEE
FFFFFFFFFFFFFFFFFFFFFFFFF
GGGGGGGGGGGGGGGGGGGGGGGGG
HHHHHHHHHHHHHHHHHHHHHHHHH
IIIIIIIIIIIIIIIIIIIIIIIII
JJJJJJJJJJJJJJJJJJJJJJJJJ
KKKKKKKKKKKKKKKKKKKKKKKKK
LLLLLLLLLLLLLLLLLLLLLLLLL
MMMMMMMMMMMMMMMMMMMMMMMMM
NNNNNNNNNNNNNNNNNNNNNNNNN
OOOOOOOOOOOOOOOOOOOOOOOOO
PPPPPPPPPPPPPPPPPPPPPPPPP
QQQQQQQQQQQQQQQQQQQQQQQQQ
RRRRRRRRRRRRRRRRRRRRRRRRR
SSSSSSSSSSSSSSSSSSSSSSSSS
TTTTTTTTTTTTTTTTTTTTTTTTT
UUUUUUUUUUUUUUUUUUUUUUUUU
VVVVVVVVVVVVVVVVVVVVVVVVV
WWWWWWWWWWWWWWWWWWWWWWWWW
XXXXXXXXXXXXXXXXXXXXXXXXX
YYYYYYYYYYYYYYYYYYYYYYYYY
Case #36:
AA
AA
Case #37:
AAAAAAAAAAAAABBBBBBBBBBBB
AAAAAAAAAAAAABBBBBBBBBBBB
AAAAAAAAAAAAABBBBBBBBBBBB
AAAAAAAAAAAAABBBBBBBBBBBB
AAAAAAAAAAAAABBBBBBBBBBBB
AAAAAAAAAAAAABBBBBBBBBBBB
AAAAAAAAAAAAABBBBBBBBBBBB
AAAAAAAAAAAAABBBBBBBBBBBB
AAAAAAAAAAAAABBBBBBBBBBBB
AAAAAAAAAAAAABBBBBBBBBBBB
AAAAAAAAAAAAABBBBBBBBBBBB
AAAAAAAAAAAAABBBBBBBBBBBB
AAAAAAAAAAAAABBBBBBBBBBBB
AAAAAAAAAAAAABBBBBBBBBBBB
AAAAAAAAAAAAABBBBBBBBBBBB
CCCCCCCCCCCCCBBBBBBBBBBBB
CCCCCCCCCCCCCDDDDDDDDDDDD
EEEEEEEEEEEEEDDDDDDDDDDDD
EEEEEEEEEEEEEDDDDDDDDDDDD
EEEEEEEEEEEEEDDDDDDDDDDDD
EEEEEEEEEEEEEDDDDDDDDDDDD
EEEEEEEEEEEEEDDDDDDDDDDDD
EEEEEEEEEEEEEDDDDDDDDDDDD
EEEEEEEEEEEEEDDDDDDDDDDDD
EEEEEEEEEEEEEDDDDDDDDDDDD
Case #38:
GGSSCIEEEEEFFZBBBBXAYYNNT
JJJMCIKVVRLLWPDQQQHOYYNNU
Case #39:
AAACCCCCCCCCCCCCCCCCCCCCC
AAACCCCCCCCCCCCCCCCCCCCCC
AAACCCCCCCCCCCCCCCCCCCCCC
AAA?DEEEEEEEEEEEEEEEEEEEE
AAA?DEEEEEEEEEEEEEEEEEEEE
AAA?DEEEEEEEEEEEEEEEEEEEE
AAA?DEEEEEEEEEEEEEEEEEEEE
BBBBDEEEEEEEEEEEEEEEEEEEE
BBBBDEEEEEEEEEEEEEEEEEEEE
BBBBDEEEEEEEEEEEEEEEEEEEE
BBBBDEEEEEEEEEEEEEEEEEEEE
BBBBDEEEEEEEEEEEEEEEEEEEE
BBBBDEEEEEEEEEEEEEEEEEEEE
BBBBDEEEEEEEEEEEEEEEEEEEE
BBBBDEEEEEEEEEEEEEEEEEEEE
BBBBDEEEEEEEEEEEEEEEEEEEE
BBBBDEEEEEEEEEEEEEEEEEEEE
BBBBDEEEEEEEEEEEEEEEEEEEE
BBBBDEEEEEEEEEEEEEEEEEEEE
BBBBDFFFFFFFFFFFFFFFFGGGG
BBBBDHHHHHHHHHHHHHHHHGGGG
BBBBDHHHHHHHHHHHHHHHHIIII
BBBBDJJJJJJJJJJJJJJJJIIII
BBBBDJJJJJJJJJJJJJJJJIIII
BBBBDJJJJJJJJJJJJJJJJIIII
Case #40:
ZZOLEYYYYYYYYYYYYYYYYYYYY
ZZOLEYYYYYYYYYYYYYYYYYYYY
ZZOLEYYYYYYYYYYYYYYYYYYYY
ZZOLEYYYYYYYYYYYYYYYYYYYY
ZZOLEYYYYYYYYYYYYYYYYYYYY
ZZOLEYYYYYYYYYYYYYYYYYYYY
ZZOLEYYYYYYYYYYYYYYYYYYYY
ZZOLEYYYYYYYYYYYYYYYYYYYY
ZZOLEYYYYYYYYYYYYYYYYYYYY
ZZOLEYYYYYYYYYYYYYYYYYYYY
ZZOLEYYYYYYYYYYYYYYYYYYYY
ZZOLEYYYYYYYYYYYYYYYYYYYY
ZZOLEYYYYYYYYYYYYYYYYYYYY
ZZOLEYYYYYYYYYYYYYYYYYYYY
ZZOLEYYYYYYYYYYYYYYYYYYYY
ZZOLHPPPRRRRRRRRRRRRRRRRR
ZZOLHVVVRRRRRRRRRRRRRRRRR
ZZOLH?IIRRRRRRRRRRRRRRRRR
ZZOLAAIIBBBBWWWWWWWWWWWWW
FFOLAAIINKJJWWWWWWWWWWWWW
SSOLCCIINKDDWWWWWWWWWWWWW
SSOLCCGGNKDDWWWWWWWWWWWWW
MMOLCCGGNKDDWWWWWWWWWWWWW
TTOLCCGGUKXXWWWWWWWWWWWWW
TTOLCCGGQKXXWWWWWWWWWWWWW
Case #41:
CCCYYYYYYYYYYYYYYYYYYYYYY
CCCYYYYYYYYYYYYYYYYYYYYYY
CCCYYYYYYYYYYYYYYYYYYYYYY
CCCYYYYYYYYYYYYYYYYYYYYYY
CCCRRHHHHHHHHHHHHHHHHHHHH
EETRRHHHHHHHHHHHHHHHHHHHH
EETBXHHHHHHHHHHHHHHHHHHHH
ZZNWXLLLLLLLLLLLLLLLLLLLL
ZZPWXSSSSMMMMMMMMMMMMMMMM
ZZPWXSSSSMMMMMMMMMMMMMMMM
ZZPWXSSSSKIDDDDDDDDDDDDDD
ZZPWXSSSSKIDDDDDDDDDDDDDD
ZZPWQSSSSOIDDDDDDDDDDDDDD
ZZPWFFFFJOIDDDDDDDDDDDDDD
ZZPWGGUUJOIDDDDDDDDDDDDDD
ZZPWAAUUJOIDDDDDDDDDDDDDD
ZZPWAAUUJOIDDDDDDDDDDDDDD
ZZPWAAUUJOIDDDDDDDDDDDDDD
ZZVWAAUUJOIDDDDDDDDDDDDDD
ZZVWAAUUJOIDDDDDDDDDDDDDD
ZZVWAAUUJOIDDDDDDDDDDDDDD
ZZVWAAUUJOIDDDDDDDDDDDDDD
ZZVWAAUUJOIDDDDDDDDDDDDDD
ZZVWAAUUJOIDDDDDDDDDDDDDD
ZZVWAAUUJOIDDDDDDDDDDDDDD
Case #42:
AAAAAAAAAAAAAAAAAAAAAAAAA
AAAAAAAAAAAAAAAAAAAAAAAAA
AAAAAAAAAAAAAAAAAAAAAAAAA
AAAAAAAAAAAAAAAAAAAAAAAAA
AAAAAAAAAAAAAAAAAAAAAAAAA
AAAAAAAAAAAAAAAAAAAAAAAAA
AAAAAAAAAAAAAAAAAAAAAAAAA
AAAAAAAAAAAAAAAAAAAAAAAAA
AAAAAAAAAAAAAAAAAAAAAAAAA
AAAAAAAAAAAAAAAAAAAAAAAAA
AAAAAAAAAAAAAAAAAAAAAAAAA
AAAAAAAAAAAAAAAAAAAAAAAAA
AAAAAAAAAAAAAAAAAAAAAAAAA
AAAAAAAAAAAAAAAAAAAAAAAAA
AAAAAAAAAAAAAAAAAAAAAAAAA
AAAAAAAAAAAAAAAAAAAAAAAAA
AAAAAAAAAAAAAAAAAAAAAAAAA
AAAAAAAAAAAAAAAAAAAAAAAAA
AAAAAAAAAAAAAAAAAAAAAAAAA
AAAAAAAAAAAAAAAAAAAAAAAAA
AAAAAAAAAAAAAAAAAAAAAAAAA
AAAAAAAAAAAAAAAAAAAAAAAAA
AAAAAAAAAAAAAAAAAAAAAAAAA
AAAAAAAAAAAAAAAAAAAAAAAAA
AAAAAAAAAAAAAAAAAAAAAAAAA
Case #43:
ACCCC
ACCCC
ACCCC
ABBBB
ABBBB
Case #44:
AAAAAAAAAAAAAAAAAAAAAAAAA
AAAAAAAAAAAAAAAAAAAAAAAAA
AAAAAAAAAAAAAAAAAAAAAAAAA
AAAAAAAAAAAAAAAAAAAAAAAAA
AAAAAAAAAAAAAAAAAAAAAAAAA
AAAAAAAAAAAAAAAAAAAAAAAAA
AAAAAAAAAAAAAAAAAAAAAAAAA
AAAAAAAAAAAAAAAAAAAAAAAAA
AAAAAAAAAAAAAAAAAAAAAAAAA
AAAAAAAAAAAAAAAAAAAAAAAAA
JJUUUUUUUUUUUUUUUUUUUUUUU
TTUUUUUUUUUUUUUUUUUUUUUUU
CCEFFFFFFFFFFFFFFFFFFFFFF
QQEGGGGGGGGGGGGGGGGGGGGGG
LLEZZPPPPPPPPPPPPPPPPPPPP
KDNBMYRRRRRRRRRRRRRRRRRRR
KDNIXYRRRRRRRRRRRRRRRRRRR
KDNVXYRRRRRRRRRRRRRRRRRRR
SOWHXYRRRRRRRRRRRRRRRRRRR
SOWHXYRRRRRRRRRRRRRRRRRRR
SOWHXYRRRRRRRRRRRRRRRRRRR
SOWHXYRRRRRRRRRRRRRRRRRRR
SOWHXYRRRRRRRRRRRRRRRRRRR
SOWHXYRRRRRRRRRRRRRRRRRRR
SOWHXYRRRRRRRRRRRRRRRRRRR
Case #45:
ACCCCCCCCCCCCCCCCCCCCCCCC
ACCCCCCCCCCCCCCCCCCCCCCCC
ACCCCCCCCCCCCCCCCCCCCCCCC
ACCCCCCCCCCCCCCCCCCCCCCCC
ACCCCCCCCCCCCCCCCCCCCCCCC
A?DEEEEEEEEEEEEEEEEEEEEEE
A?DEEEEEEEEEEEEEEEEEEEEEE
A?DEEEEEEEEEEEEEEEEEEEEEE
A?DEEEEEEEEEEEEEEEEEEEEEE
BBDEEEEEEEEEEEEEEEEEEEEEE
BBDEEEEEEEEEEEEEEEEEEEEEE
BBDEEEEEEEEEEEEEEEEEEEEEE
BBDEEEEEEEEEEEEEEEEEEEEEE
BBDEEEEEEEEEEEEEEEEEEEEEE
BBDEEEEEEEEEEEEEEEEEEEEEE
BBDEEEEEEEEEEEEEEEEEEEEEE
BBDEEEEEEEEEEEEEEEEEEEEEE
BBDEEEEEEEEEEEEEEEEEEEEEE
BBDEEEEEEEEEEEEEEEEEEEEEE
BBDEEEEEEEEEEEEEEEEEEEEEE
BBDEEEEEEEEEEEEEEEEEEEEEE
BBDEEEEEEEEEEEEEEEEEEEEEE
BBDEEEEEEEEEEEEEEEEEEEEEE
BBDEEEEEEEEEEEEEEEEEEEEEE
BBDEEEEEEEEEEEEEEEEEEEEEE
Case #46:
VVVHDDDDDDDDDFFFFEEBBBBBB
VVVHDDDDDDDDDFFFFEEBBBBBB
VVVHDDDDDDDDDFFFFEEBBBBBB
VVVHDDDDDDDDDFFFFEEBBBBBB
VVVHDDDDDDDDDFFFFEEBBBBBB
VVVHDDDDDDDDDFFFFEELLLLLL
VVVHDDDDDDDDDFFFFEELLLLLL
VVVHDDDDDDDDDFFFFEELLLLLL
VVVHDDDDDDDDDFFFFEEGGGGMM
VVVHDDDDDDDDDFFFFEEGGGGMM
VVVHDDDDDDDDDFFFFEEGGGGMM
VVVHUUUUUUCTTFFFFEEGGGGMM
VVVHUUUUUUCTTFFFFEEWKKSMM
VVVHUUUUUUCTTFFFFEEWKKSMM
VVVHUUUUUUCTTNNNOEEWKKSMM
VVVHUUUUUUCTTNNNOEEWKKSMM
VVVHQQQZZZCTTNNNOEEWKKSMM
VVVHQQQZZZCTTAAAOEEWKKSMM
VVVHQQQZZZCTTAAAIEEWKKRMM
VVVHQQQZZZCTTAAAIEEWKKRMM
VVVHQQQZZZCTTAAAXEEWKKRMM
VVVHQQQZZZCTTAAAXYPWKKRMM
VVVHQQQZZZCTTAAAXYPWKKRMM
VVVHQQQZZZCTTAAAXYPWKKRMM
VVVHQQQZZZCTTAAAXJPWKKRMM
Case #47:
ZZZZZZZZZZZZZZZZZZZZZZZZZ
ZZZZZZZZZZZZZZZZZZZZZZZZZ
ZZZZZZZZZZZZZZZZZZZZZZZZZ
XXXXXXXXXXXNNVVVVVVVVVVVV
XXXXXXXXXXXNNFFFLLDDDTTTT
XXXXXXXXXXXNNFFFLLDDDTTTT
HHHHHHHHHHHNNFFFLLDDDTTTT
HHHHHHHHHHHNNFFFLLDDDTTTT
YYYYYYYYYIINNFFFLLDDDTTTT
YYYYYYYYYIINNFFFLLDDDTTTT
YYYYYYYYYIINNFFFLLDDDTTTT
YYYYYYYYYIINNFFFLLDDDTTTT
YYYYYYYYYIINNFFFLLDDDTTTT
UUUUUUUUUIINNFFFLLDDDTTTT
UUUUUUUUUIIOOOOPPMMMJJJGG
BBBBBKKKKIIOOOOPPMMMAAAGG
BBBBBKKKKIIOOOOPP?CCAAAGG
BBBBBKKKKIIOOOOPP?CCAAAGG
BBBBBKKKKIIOOOOPP?CCAAAGG
SSSSSKKKKIIOOOOPP?CCWWWGG
SSSSSKKKKIIOOOOPP?CCWWWGG
SSSSSKKKKIIOOOOPP?CCWWWGG
SSSSSKKKKIIOOOORRRCCWWWGG
SSSSSKKKKIIOOOORRRCCQQQGG
SSSSSKKKKIIOOOOEEECCQQQGG
Case #48:
BBBB
BBBB
BBBB
AAAA
Case #49:
HHHHHHHHHHHHHHHHHHHHHHHHH
HHHHHHHHHHHHHHHHHHHHHHHHH
WWWWWWWWWWWWWWWWWWWWWWWWW
YYYYYYYYYVEEEEEEEEEEEEEEE
YYYYYYYYYVEEEEEEEEEEEEEEE
YYYYYYYYYVEEEEEEEEEEEEEEE
YYYYYYYYYVSSSSSSSSSSSSSJJ
YYYYYYYYYVSSSSSSSSSSSSSJJ
MMLLLLLLLVTTTTTTTTTTTRKJJ
MMLLLLLLLVTTTTTTTTTTTRKXX
MMLLLLLLLVTTTTTTTTTTTRKXX
MMLLLLLLLVTTTTTTTTTTTRKXX
MMLLLLLLLVTTTTTTTTTTTRKXX
MMLLLLLLLGGGGGGGGGGGORKXX
MMLLLLLLLGGGGGGGGGGGORKXX
MMFFFFFFFGGGGGGGGGGGORKXX
QQFFFFFFFGGGGGGGGGGGORKXX
QQFFFFFFFCCCDIIIIIIIORKXX
QQFFFFFFFCCCDIIIIIIIORKXX
QQFFFFFFFCCCDIIIIIIIORKXX
QQFFFFFFFCCCDIIIIIIIORKXX
QQFFFFFFFCCCDIIIIIIIORKXX
QQFFFFFFFCCCDIIIIIIIORKXX
QQBBBBBBZZNPDAAAAAAAORKXX
QQBBBBBBZZNPUAAAAAAAORKXX
Case #50:
RRRRRRRRRRRRRRRRRRRRRRRRR
RRRRRRRRRRRRRRRRRRRRRRRRR
RRRRRRRRRRRRRRRRRRRRRRRRR
RRRRRRRRRRRRRRRRRRRRRRRRR
RRRRRRRRRRRRRRRRRRRRRRRRR
RRRRRRRRRRRRRRRRRRRRRRRRR
RRRRRRRRRRRRRRRRRRRRRRRRR
RRRRRRRRRRRRRRRRRRRRRRRRR
RRRRRRRRRRRRRRRRRRRRRRRRR
RRRRRRRRRRRRRRRRRRRRRRRRR
RRRRRRRRRRRRRRRRRRRRRRRRR
RRRRRRRRRRRRRRRRRRRRRRRRR
VVVVVVVVVVVVVVVVVVVVVVVVV
VVVVVVVVVVVVVVVVVVVVVVVVV
XXXXXXXXXXXXXXXXXXXXXXXXX
AAAAKSSSSSSSSSSSSSSSSSSSS
AAAAKSSSSSSSSSSSSSSSSSSSS
LLLPMMMYYYYYYYYYYYYYYYYYY
LLLPJJJYYYYYYYYYYYYYYYYYY
LLLPDZFYYYYYYYYYYYYYYYYYY
LLLPDZFNNEIIIIIIIIIIIIIII
LLLPDZFNNEIIIIIIIIIIIIIII
BBBPTZFNNEIIIIIIIIIIIIIII
GUWPCZQNNEIIIIIIIIIIIIIII
GUWPOZQNNHIIIIIIIIIIIIIII
Case #51:
JGBKEDDIICFLLHHMMMMAAAAAA
Case #52:
AAAAAAAAAAAAAAAAAAAAAAAAA
BBBBBBBBBBBBBBBBBBBBBBBBB
CCCCCCCCCCCCCCCCCCCCCCCCC
DDDDDDDDDDDDDDDDDDDDDDDDD
EEEEEEEEEEEEEEEEEEEEEEEEE
FFFFFFFFFFFFFFFFFFFFFFFFF
GGGGGGGGGGGGGGGGGGGGGGGGG
HHHHHHHHHHHHHHHHHHHHHHHHH
IIIIIIIIIIIIIIIIIIIIIIIII
JJJJJJJJJJJJJJJJJJJJJJJJJ
KKKKKKKKKKKKKKKKKKKKKKKKK
LLLLLLLLLLLLLLLLLLLLLLLLL
MMMMMMMMMMMMMMMMMMMMMMMMM
NNNNNNNNNNNNNNNNNNNNNNNNN
OOOOOOOOOOOOOOOOOOOOOOOOO
PPPPPPPPPPPPPPPPPPPPPPPPP
QQQQQQQQQQQQQQQQQQQQQQQQQ
RRRRRRRRRRRRRRRRRRRRRRRRR
SSSSSSSSSSSSSSSSSSSSSSSSS
TTTTTTTTTTTTTTTTTTTTTTTTT
UUUUUUUUUUUUUUUUUUUUUUUUU
VVVVVVVVVVVVVVVVVVVVVVVVV
WWWWWWWWWWWWWWWWWWWWWWWWW
XXXXXXXXXXXXXXXXXXXXXXXXX
YYYYYYYYYYYYYYYYYYYYYYYYY
Case #53:
GGGGKKKKKKKKKKKKKKKKKKKKK
GGGGKKKKKKKKKKKKKKKKKKKKK
GGGGKKKKKKKKKKKKKKKKKKKKK
GGGGKKKKKKKKKKKKKKKKKKKKK
GGGGKKKKKKKKKKKKKKKKKKKKK
GGGGKKKKKKKKKKKKKKKKKKKKK
GGGGKKKKKKKKKKKKKKKKKKKKK
GGGGKKKKKKKKKKKKKKKKKKKKK
GGGGKKKKKKKKKKKKKKKKKKKKK
GGGGKKKKKKKKKKKKKKKKKKKKK
GGGGKKKKKKKKKKKKKKKKKKKKK
GGGGKKKKKKKKKKKKKKKKKKKKK
GGGGKKKKKKKKKKKKKKKKKKKKK
GGGGKKKKKKKKKKKKKKKKKKKKK
VQOLKKKKKKKKKKKKKKKKKKKKK
VQOLKKKKKKKKKKKKKKKKKKKKK
VQOLNNHHHHWWWWWWWWWWWWWWW
VQOLNNHHHHFCCCCCCCCCCCCCC
VQOLSSSSIPFCCCCCCCCCCCCCC
VQAUUUUBIPFCCCCCCCCCCCCCC
VQXZZZZEIPFCCCCCCCCCCCCCC
VQMRRRREIPFCCCCCCCCCCCCCC
VQYYYDDEIPFCCCCCCCCCCCCCC
VQJJJTTEIPFCCCCCCCCCCCCCC
VQJJJTTEIPFCCCCCCCCCCCCCC
Case #54:
OOOOOOOOOOOOOOOOOOOOOOOOO
OOOOOOOOOOOOOOOOOOOOOOOOO
SSIIIRBBBBBBBBBBBBBBBBNNC
SSIIIRBBBBBBBBBBBBBBBBNNG
SSIIIRQQQQQQQQQQXXXXXXNNG
SSIIIRDEEEUUHHHHXXXXXXNNG
SSIIIRDEEEUUHHHHXXXXXXNNG
SSIIIRDEEEUUHHHHXXXXXXNNG
SSIIIRDEEEUUHHHHXXXXXXNNG
SSIIIRDEEEUUHHHHXXXXXXNNG
SSIIIRDEEEUUHHHHXXXXXXNNG
SSIIIRDEEEUUHHHHXXXXXXNNG
SSIIIPDEEEUUHHHHFFFFFFNNG
SSIIIPDEEEUU?JJJFFFFFFNNG
SSIIIPDEEEUU?JJJFFFFFFNNG
SSIIIPDAAAUU?JJJFFFFFFNNG
SSIIIPDAAAUU?JJJKKKTTTNNG
SSIIIPDAAAVVVJJJKKKTTTNNG
SSIIIPDAAAVVVJJJKKKTTTNNG
SSIIIWDAAAVVVJJJKKKTTTNNG
SSZZZWDAAAVVVJJJKKKTTTNNG
SSZZZWDAAAYYYJJJKKKTTTNNG
SSZZZWDAAALLLJJJKKKTTTNNG
SSZZZWDAAAMMMJJJKKKTTTNNG
SSZZZWDAAAMMMJJJKKKTTTNNG
Case #55:
AAAAAAAAAAAAAAAAAAAAAAAAB
AAAAAAAAAAAAAAAAAAAAAAAAB
AAAAAAAAAAAAAAAAAAAAAAAAB
AAAAAAAAAAAAAAAAAAAAAAAAB
AAAAAAAAAAAAAAAAAAAAAAAAB
AAAAAAAAAAAAAAAAAAAAAAAAB
AAAAAAAAAAAAAAAAAAAAAAAAB
AAAAAAAAAAAAAAAAAAAAAAAAB
AAAAAAAAAAAAAAAAAAAAAAAAB
AAAAAAAAAAAAAAAAAAAAAAAAB
CCCCCCCCCCCCCCCCCCCCCCCCB
CCCCCCCCCCCCCCCCCCCCCCCCD
EEEEEEEEEEEEEEEEEEEEEEEED
EEEEEEEEEEEEEEEEEEEEEEEED
EEEEEEEEEEEEEEEEEEEEEEEED
EEEEEEEEEEEEEEEEEEEEEEEED
EEEEEEEEEEEEEEEEEEEEEEEED
EEEEEEEEEEEEEEEEEEEEEEEED
EEEEEEEEEEEEEEEEEEEEEEEED
EEEEEEEEEEEEEEEEEEEEEEEED
EEEEEEEEEEEEEEEEEEEEEEEED
EEEEEEEEEEEEEEEEEEEEEEEED
EEEEEEEEEEEEEEEEEEEEEEEED
EEEEEEEEEEEEEEEEEEEEEEEED
EEEEEEEEEEEEEEEEEEEEEEEED
Case #56:
FFFFFFFFFFFFFFFFFFFFFFFFX
FFFFFFFFFFFFFFFFFFFFFFFFX
FFFFFFFFFFFFFFFFFFFFFFFFX
AAAAAAAAAAAAAAAAAAAAAAAAX
BBBBBBBBBBBBBBBBBBBBBBBTS
NNNNNNNNNNNNNNNNNNNCRVZQS
NNNNNNNNNNNNNNNNNNNCRVZQS
NNNNNNNNNNNNNNNNNNNCRVZMO
NNNNNNNNNNNNNNNNNNNYKVEMP
NNNNNNNNNNNNNNNNNNNYKWJMP
NNNNNNNNNNNNNNNNNNNYKWJUD
NNNNNNNNNNNNNNNNNNNYKWHUL
NNNNNNNNNNNNNNNNNNNYKWHGL
NNNNNNNNNNNNNNNNNNNYKWHGL
NNNNNNNNNNNNNNNNNNNYKWHGI
NNNNNNNNNNNNNNNNNNNYKWHGI
NNNNNNNNNNNNNNNNNNNYKWHGI
NNNNNNNNNNNNNNNNNNNYKWHGI
NNNNNNNNNNNNNNNNNNNYKWHGI
NNNNNNNNNNNNNNNNNNNYKWHGI
NNNNNNNNNNNNNNNNNNNYKWHGI
NNNNNNNNNNNNNNNNNNNYKWHGI
NNNNNNNNNNNNNNNNNNNYKWHGI
NNNNNNNNNNNNNNNNNNNYKWHGI
NNNNNNNNNNNNNNNNNNNYKWHGI
Case #57:
AAA
AAA
AAA
AAA
AAA
Case #58:
ABCDEFGHIJKLMNOPQRSTUVWXY
ABCDEFGHIJKLMNOPQRSTUVWXY
ABCDEFGHIJKLMNOPQRSTUVWXY
ABCDEFGHIJKLMNOPQRSTUVWXY
ABCDEFGHIJKLMNOPQRSTUVWXY
ABCDEFGHIJKLMNOPQRSTUVWXY
ABCDEFGHIJKLMNOPQRSTUVWXY
ABCDEFGHIJKLMNOPQRSTUVWXY
ABCDEFGHIJKLMNOPQRSTUVWXY
ABCDEFGHIJKLMNOPQRSTUVWXY
ABCDEFGHIJKLMNOPQRSTUVWXY
ABCDEFGHIJKLMNOPQRSTUVWXY
ABCDEFGHIJKLMNOPQRSTUVWXY
ABCDEFGHIJKLMNOPQRSTUVWXY
ABCDEFGHIJKLMNOPQRSTUVWXY
ABCDEFGHIJKLMNOPQRSTUVWXY
ABCDEFGHIJKLMNOPQRSTUVWXY
ABCDEFGHIJKLMNOPQRSTUVWXY
ABCDEFGHIJKLMNOPQRSTUVWXY
ABCDEFGHIJKLMNOPQRSTUVWXY
ABCDEFGHIJKLMNOPQRSTUVWXY
ABCDEFGHIJKLMNOPQRSTUVWXY
ABCDEFGHIJKLMNOPQRSTUVWXY
ABCDEFGHIJKLMNOPQRSTUVWXY
ABCDEFGHIJKLMNOPQRSTUVWXY
Case #59:
JJJJJJJJJJJJJJJJJJJJJJJJJ
JJJJJJJJJJJJJJJJJJJJJJJJJ
WWWWWWWWWWWMMMXXXXXXXXXXX
WWWWWWWWWWWMMMXXXXXXXXXXX
WWWWWWWWWWWMMMXXXXXXXXXXX
WWWWWWWWWWWMMMXXXXXXXXXXX
KKKKKKKKKKKMMMXXXXXXXXXXX
KKKKKKKKKKKMMM??????PPZVV
KKKKKKKKKKKMMM??????PPZVV
NNNNNHHHHHHMMM??????PPZVV
NNNNNHHHHHHUUUUUUUUUPPZVV
QQQQQHHHHHHUUUUUUUUUPPZVV
QQQQQHHHHHHUUUUUUUUUPPZVV
QQQQQHHHHHHUUUUUUUUUPPZVV
QQQQQHHHHHHUUUUUUUUUTTZVV
QQQQQEOOOOOUUUUUUUUUTTZVV
QQQQQEOOOOOUUUUUUUUUTTZVV
QQQQQEOOOOOUUUUUUUUUTTFVV
QQQQQEOOOOOAAAAARRRRTTFVV
QQQQQEOOOOOAAAAALLLLTTFVV
QQQQQEOOOOOAAAAALLLLTTFVV
QQQQQEOOOOOBBBBBBBSSTTFVV
QQQQQEIIIIIBBBBBBBYYTTFVV
QQQQQEDDDGGGGGGGCCYYTTFVV
QQQQQEDDDGGGGGGGCCYYTTFVV
Case #60:
AAAAAAAAAAAACCCCCCCCCCCCC
AAAAAAAAAAAACCCCCCCCCCCCC
AAAAAAAAAAAACCCCCCCCCCCCC
AAAAAAAAAAAACCCCCCCCCCCCC
AAAAAAAAAAAACCCCCCCCCCCCC
AAAAAAAAAAAACCCCCCCCCCCCC
AAAAAAAAAAAACCCCCCCCCCCCC
AAAAAAAAAAAA?DEEEEEEEEEEE
AAAAAAAAAAAA?DEEEEEEEEEEE
AAAAAAAAAAAA?DEEEEEEEEEEE
AAAAAAAAAAAA?DEEEEEEEEEEE
BBBBBBBBBBBBBDEEEEEEEEEEE
BBBBBBBBBBBBBDEEEEEEEEEEE
BBBBBBBBBBBBBDEEEEEEEEEEE
BBBBBBBBBBBBBDEEEEEEEEEEE
BBBBBBBBBBBBBDEEEEEEEEEEE
BBBBBBBBBBBBBDEEEEEEEEEEE
BBBBBBBBBBBBBDEEEEEEEEEEE
BBBBBBBBBBBBBDEEEEEEEEEEE
BBBBBBBBBBBBBDEEEEEEEEEEE
BBBBBBBBBBBBBDEEEEEEEEEEE
BBBBBBBBBBBBBDEEEEEEEEEEE
BBBBBBBBBBBBBDEEEEEEEEEEE
BBBBBBBBBBBBBDEEEEEEEEEEE
BBBBBBBBBBBBBDEEEEEEEEEEE
Case #61:
BBAA
BBAA
BBAA
Case #62:
SSSSSSSSLLJGGGOOOOOOOOOOO
SSSSSSSSLLJGGGOOOOOOOOOOO
SSSSSSSSLLJGGGOOOOOOOOOOO
SSSSSSSSLLJGGGOOOOOOOOOOO
SSSSSSSSLLJGGGOOOOOOOOOOO
SSSSSSSSLLJGGGOOOOOOOOOOO
SSSSSSSSLLJGGGOOOOOOOOOOO
SSSSSSSSLLJGGGOOOOOOOOOOO
SSSSSSSSLLJGGGOOOOOOOOOOO
SSSSSSSSLLJGGGOOOOOOOOOOO
SSSSSSSSLLJGGGOOOOOOOOOOO
SSSSSSSSLLJGGGFMMMMMMMMMM
SSSSSSSSLLJGGGFMMMMMMMMMM
SSSSSSSSLLJGGGFMMMMMMMMMM
SSSSSSSSLLJUYYFXXXXXXXXXX
SSSSSSSSLLPUYYFXXXXXXXXXX
QQQQQQQQLLPUHHFVVVVVVEEEE
QQQQQQQQLLPZZBFKWCDDDEEEE
QQQQQQQQLLPNABFKWCDDDEEEE
QQQQQQQQLLPNABFKTRDDDEEEE
QQQQQQQQLLPNABFKTRDDDEEEE
QQQQQQQQLLPNAIFKTRDDDEEEE
QQQQQQQQLLPNAIFKTRDDDEEEE
QQQQQQQQLLPNAIFKTRDDDEEEE
QQQQQQQQLLPNAIFKTRDDDEEEE
Case #63:
ZZZZZZZZZZZZZZZZZZZZZZZMM
ZZZZZZZZZZZZZZZZZZZZZZZMM
ZZZZZZZZZZZZZZZZZZZZZZZMM
QQQQQQQQQQQQQQQQQQQQQQQMM
DDDDDDDDDDDDDDDDDDDDDUUMM
DDDDDDDDDDDDDDDDDDDDDUUMM
SHHHKKKKKKKKKKKKKKKKKUUMM
SHHHKKKKKKKKKKKKKKKKKUUMM
SHHHKKKKKKKKKKKKKKKKKUUMM
SHHHRRRRRRRRRRRRRRROGUUMM
SHHHRRRRRRRRRRRRRRROGUUMM
SHHHRRRRRRRRRRRRRRROGUUMM
SHHHPPPPPPTTJJJJJJJOXUUMM
SHHHPPPPPPTTJJJJJJJOXUUMM
SHHHPPPPPPCCJJJJJJJOVUUMM
SHHHPPPPPPCCNNNNNNNOVUUMM
SIIIPPPPPPCCNNNNNNNOVUUMM
SIIIPPPPPPBBNNNNNNNOVUUMM
SIIIPPPPPPAANNNNNNNOVEEMM
SIIIYYYYYYAANNNNNNNOVEEMM
SIIIYYYYYYAANNNNNNNOVEEMM
SIIIYYYYYYAAWLLLLLLOVEEMM
FIIIYYYYYYAAWLLLLLLOVEEMM
FIIIYYYYYYAAWLLLLLLOVEEMM
FIIIYYYYYYAAWLLLLLLOVEEMM
Case #64:
HHHHHHHHHHHHHHHHHHHHHHHHH
KKKKKKKKKKTEIIIIIIIIIIAAA
KKKKKKKKKKTEIIIIIIIIIIAAA
KKKKKKKKKKTEIIIIIIIIIIDDB
KKKKKKKKKKTEIIIIIIIIIIDDB
KKKKKKKKKKTEIIIIIIIIIIDDB
ZMMMMMMMMMTEIIIIIIIIIIDDB
ZMMMMMMMMMTEIIIIIIIIIIDDB
ZMMMMMMMMMTEIIIIIIIIIIDDB
ZMMMMMMMMMTEPPPPPFVVVVDDB
WMMMMMMMMMTEPPPPPFVVVVDDB
WMMMMMMMMMTEPPPPPFVVVVDDB
WMMMMMMMMMTEPPPPPFVVVVDDB
YMMMMMMMMMTEPPPPPFVVVVDDB
YGGGGNNLLLTEPPPPPFQQQQDDB
YGGGGNNLLLTEPPPPPFQQQQDDB
YGGGGNNLLLTEPPPPPFQQQQDDB
YGGGGNNLLLTEUUCCCFQQQQXXB
YGGGGNNLLLTEUUCCCFQQQQXXB
YGGGGNNLLLOEUUCCCFQQQQXXB
YGGGGNNLLLOEUUCCCFQQQQXXB
YGGGGNNLLLOEUUCCCFSSSSXXB
YGGGGNNLLLOEUUCCCFSSSSXXB
YGGGGNNLLLOEUUCCCFSSSSXXR
YGGGGNNLLLOEUUCCCJSSSSXXR
Case #65:
AAAAAAAAAAAAAAAAAAAAAAAAA
BBBBBBBBBBBBBBBBBBBBBBBBB
CCCCCCCCCCCCCCCCCCCCCCCCC
DDDDDDDDDDDDDDDDDDDDDDDDD
EEEEEEEEEEEEEEEEEEEEEEEEE
FFFFFFFFFFFFFFFFFFFFFFFFF
GGGGGGGGGGGGGGGGGGGGGGGGG
HHHHHHHHHHHHHHHHHHHHHHHHH
IIIIIIIIIIIIIIIIIIIIIIIII
JJJJJJJJJJJJJJJJJJJJJJJJJ
KKKKKKKKKKKKKKKKKKKKKKKKK
LLLLLLLLLLLLLLLLLLLLLLLLL
MMMMMMMMMMMMMMMMMMMMMMMMM
NNNNNNNNNNNNNNNNNNNNNNNNN
OOOOOOOOOOOOOOOOOOOOOOOOO
PPPPPPPPPPPPPPPPPPPPPPPPP
QQQQQQQQQQQQQQQQQQQQQQQQQ
RRRRRRRRRRRRRRRRRRRRRRRRR
SSSSSSSSSSSSSSSSSSSSSSSSS
TTTTTTTTTTTTTTTTTTTTTTTTT
UUUUUUUUUUUUUUUUUUUUUUUUU
VVVVVVVVVVVVVVVVVVVVVVVVV
WWWWWWWWWWWWWWWWWWWWWWWWW
XXXXXXXXXXXXXXXXXXXXXXXXX
YYYYYYYYYYYYYYYYYYYYYYYYY
Case #66:
AAAAAAAAAAAAAAAAAAAAAALLL
QQQQQQQQQQQQQQQQQQQQQQKKK
VVVVVVVVVVVVVVVVVVVVVSSSN
MMMMMMMMMMMMMMMMMMMMBZZZN
IIIIIIIIIIIIIIIIIIIIBZZZN
HHHHHHHHHHHHHHHHHFFFBZZZN
HHHHHHHHHHHHHHHHHFFFYZZZO
HHHHHHHHHHHHHHHHHEEEYDDTJ
HHHHHHHHHHHHHHHHHXXXYDDTJ
HHHHHHHHHHHHHHHHHXXXYUUTJ
HHHHHHHHHHHHHHHHHXXXYRPTJ
HHHHHHHHHHHHHHHHHXXXYRPTJ
HHHHHHHHHHHHHHHHHXXXYRPWJ
HHHHHHHHHHHHHHHHHXXXYRGCJ
HHHHHHHHHHHHHHHHHXXXYRGCJ
HHHHHHHHHHHHHHHHHXXXYRGCJ
HHHHHHHHHHHHHHHHHXXXYRGCJ
HHHHHHHHHHHHHHHHHXXXYRGCJ
HHHHHHHHHHHHHHHHHXXXYRGCJ
HHHHHHHHHHHHHHHHHXXXYRGCJ
HHHHHHHHHHHHHHHHHXXXYRGCJ
HHHHHHHHHHHHHHHHHXXXYRGCJ
HHHHHHHHHHHHHHHHHXXXYRGCJ
HHHHHHHHHHHHHHHHHXXXYRGCJ
HHHHHHHHHHHHHHHHHXXXYRGCJ
Case #67:
ABCDEFGHIJKLMNOPQRSTUVWXY
ABCDEFGHIJKLMNOPQRSTUVWXY
ABCDEFGHIJKLMNOPQRSTUVWXY
ABCDEFGHIJKLMNOPQRSTUVWXY
ABCDEFGHIJKLMNOPQRSTUVWXY
ABCDEFGHIJKLMNOPQRSTUVWXY
ABCDEFGHIJKLMNOPQRSTUVWXY
ABCDEFGHIJKLMNOPQRSTUVWXY
ABCDEFGHIJKLMNOPQRSTUVWXY
ABCDEFGHIJKLMNOPQRSTUVWXY
ABCDEFGHIJKLMNOPQRSTUVWXY
ABCDEFGHIJKLMNOPQRSTUVWXY
ABCDEFGHIJKLMNOPQRSTUVWXY
ABCDEFGHIJKLMNOPQRSTUVWXY
ABCDEFGHIJKLMNOPQRSTUVWXY
ABCDEFGHIJKLMNOPQRSTUVWXY
ABCDEFGHIJKLMNOPQRSTUVWXY
ABCDEFGHIJKLMNOPQRSTUVWXY
ABCDEFGHIJKLMNOPQRSTUVWXY
ABCDEFGHIJKLMNOPQRSTUVWXY
ABCDEFGHIJKLMNOPQRSTUVWXY
ABCDEFGHIJKLMNOPQRSTUVWXY
ABCDEFGHIJKLMNOPQRSTUVWXY
ABCDEFGHIJKLMNOPQRSTUVWXY
ABCDEFGHIJKLMNOPQRSTUVWXY
Case #68:
EEEEEEEEEEEEEEEEEEEEEEEEE
EEEEEEEEEEEEEEEEEEEEEEEEE
EEEEEEEEEEEEEEEEEEEEEEEEE
EEEEEEEEEEEEEEEEEEEEEEEEE
EEEEEEEEEEEEEEEEEEEEEEEEE
EEEEEEEEEEEEEEEEEEEEEEEEE
EEEEEEEEEEEEEEEEEEEEEEEEE
EEEEEEEEEEEEEEEEEEEEEEEEE
EEEEEEEEEEEEEEEEEEEEEEEEE
EEEEEEEEEEEEEEEEEEEEEEEEE
EEEEEEEEEEEEEEEEEEEEEEEEE
EEEEEEEEEEEEEEEEEEEEEEEEE
EEEEEEEEEEEEEEEEEEEEEEEEE
EEEEEEEEEEEEEEEEEEEEEEEEE
EEEEEEEEEEEEEEEEEEEEEEEEE
EEEEEEEEEEEEEEEEEEEEEEEEE
EEEEEEEEEEEEEEEEEEEEEEEEE
VVVVVVVVVVIIIIIIIIIIIIIII
BBBBBBWSMXXXHHHHHHHHHHHHH
BBBBBBWSMXXXKKKKKKKKKKKKK
NNNNNNQZFFFCCRYYYYYYYYYYY
UUUUUUQJGLACCRYYYYYYYYYYY
UUUUUUQOGLAPPRYYYYYYYYYYY
UUUUUUQOGLDPPRYYYYYYYYYYY
UUUUUUQOGTDPPRYYYYYYYYYYY
Case #69:
IIIIIIIIIIIIIIIIIIIIIIIII
IIIIIIIIIIIIIIIIIIIIIIIII
IIIIIIIIIIIIIIIIIIIIIIIII
WWWWWWHHODDDDDDDDDDDDDDDD
WWWWWWHHODDDDDDDDDDDDDDDD
WWWWWWHHORRGGTTTTNNNNLLLL
WWWWWWHHORRGGTTTTNNNNLLLL
WWWWWWHHORRGGYYCCNNNNLLLL
WWWWWWHHORRGGYYCCNNNNLLLL
WWWWWWHHORRGGYYCCNNNNJJUU
WWWWWWHHORRGGYYCCNNNNJJUU
WWWWWWHHORRGGYYCCNNNNJJUU
WWWWWWHHOFEGGYYCCNNNNQQUU
WWWWWWHHOFEGGYYCCNNNNQQUU
WWWWWWHHOFEGGYYCCNNNNQQUU
WWWWWWHHOFEGGYYCCNNNNQQVS
WWWWWWHHOFEGGYYCCNNNNQQVS
WWWWWWHHOFEGGYYCCNNNNQQVS
WWWWWWHHOFEGGYYCCNNNNQQVS
WWWWWWHHOFEGGYYCCNNNNQQVS
WWWWWWHHOKEGGYYCCPPPPPXVS
WWWWWWHHOKEGGYYCCPPPPPZVS
WWWWWWHHOKEGGYYCCBBBBBZVS
WWWWWWHHOKEGGYYCCBBBBBZMS
WWWWWWHHOKEGGYYCCBBBBBAMS
Case #70:
ABCDEFGHIJKLMNOPQRSTUVWXY
ABCDEFGHIJKLMNOPQRSTUVWXY
ABCDEFGHIJKLMNOPQRSTUVWXY
ABCDEFGHIJKLMNOPQRSTUVWXY
ABCDEFGHIJKLMNOPQRSTUVWXY
ABCDEFGHIJKLMNOPQRSTUVWXY
ABCDEFGHIJKLMNOPQRSTUVWXY
ABCDEFGHIJKLMNOPQRSTUVWXY
ABCDEFGHIJKLMNOPQRSTUVWXY
ABCDEFGHIJKLMNOPQRSTUVWXY
ABCDEFGHIJKLMNOPQRSTUVWXY
ABCDEFGHIJKLMNOPQRSTUVWXY
ABCDEFGHIJKLMNOPQRSTUVWXY
ABCDEFGHIJKLMNOPQRSTUVWXY
ABCDEFGHIJKLMNOPQRSTUVWXY
ABCDEFGHIJKLMNOPQRSTUVWXY
ABCDEFGHIJKLMNOPQRSTUVWXY
ABCDEFGHIJKLMNOPQRSTUVWXY
ABCDEFGHIJKLMNOPQRSTUVWXY
ABCDEFGHIJKLMNOPQRSTUVWXY
ABCDEFGHIJKLMNOPQRSTUVWXY
ABCDEFGHIJKLMNOPQRSTUVWXY
ABCDEFGHIJKLMNOPQRSTUVWXY
ABCDEFGHIJKLMNOPQRSTUVWXY
ABCDEFGHIJKLMNOPQRSTUVWXY
Case #71:
AAAAAAAAAAAAAAAAAAAAAAAAA
BBBBBBBBBBBBBBBBBBBBBBBBB
CCCCCCCCCCCCCCCCCCCCCCCCC
DDDDDDDDDDDDDDDDDDDDDDDDD
EEEEEEEEEEEEEEEEEEEEEEEEE
FFFFFFFFFFFFFFFFFFFFFFFFF
GGGGGGGGGGGGGGGGGGGGGGGGG
HHHHHHHHHHHHHHHHHHHHHHHHH
IIIIIIIIIIIIIIIIIIIIIIIII
JJJJJJJJJJJJJJJJJJJJJJJJJ
KKKKKKKKKKKKKKKKKKKKKKKKK
LLLLLLLLLLLLLLLLLLLLLLLLL
MMMMMMMMMMMMMMMMMMMMMMMMM
NNNNNNNNNNNNNNNNNNNNNNNNN
OOOOOOOOOOOOOOOOOOOOOOOOO
PPPPPPPPPPPPPPPPPPPPPPPPP
QQQQQQQQQQQQQQQQQQQQQQQQQ
RRRRRRRRRRRRRRRRRRRRRRRRR
SSSSSSSSSSSSSSSSSSSSSSSSS
TTTTTTTTTTTTTTTTTTTTTTTTT
UUUUUUUUUUUUUUUUUUUUUUUUU
VVVVVVVVVVVVVVVVVVVVVVVVV
WWWWWWWWWWWWWWWWWWWWWWWWW
XXXXXXXXXXXXXXXXXXXXXXXXX
YYYYYYYYYYYYYYYYYYYYYYYYY
Case #72:
GGGGGGGGGGGGGGGGGGGGGGXXX
GGGGGGGGGGGGGGGGGGGGGGXXX
GGGGGGGGGGGGGGGGGGGGGGXXX
GGGGGGGGGGGGGGGGGGGGGGXXX
GGGGGGGGGGGGGGGGGGGGGGXXX
EEEEEWWWJJJJJJJJJJJJJJXXX
EEEEEWWWJJJJJJJJJJJJJJXXX
EEEEEWWWIIIIIIIIIIIIIIXXX
EEEEEWWWIIIIIIIIIIIIIILTT
EEEEEWWWIIIIIIIIIIIIIILTT
YYYYYWWWRRRRRPPBBBBBBBLTT
YYYYYWWWRRRRRPPBBBBBBBKTT
CCCCCWWWRRRRRPPBBBBBBBKTT
CCCCCWWWRRRRRPPBBBBBBBKTT
CCCCCWWWRRRRRPPBBBBBBBKTT
AAQQQWWWRRRRRPPMMMMMMMKVN
AAQQQWWWRRRRRPPMMMMMMMKVN
AAQQQWWWRRRRRPPMMMMMMMKVN
AAQQQWWWRRRRRPPMMMMMMMKVN
AAQQQWWWRRRRRPPMMMMMMMKVN
AAQQQWWWDDDHHPPMMMMMMMKVN
AAQQQWWWDDDHHPPMMMMMMMKVN
AAQQQWWWDDDHHPPOOOOOOOKVN
AAQQQWWWDDDHHPPUUUUUUUKSN
AAQQQWWWZZFHHPPUUUUUUUKSN
Case #73:
AAA
AAA
AAA
AAA
Case #74:
A
A
Case #75:
A
B
Case #76:
GGA
CCE
BDF
Case #77:
F
F
D
D
D
M
M
H
C
G
E
E
B
B
B
B
K
I
I
A
A
J
J
L
L
Case #78:
AAACCCCCCCCCCCCCCCCCCCCCC
AAACCCCCCCCCCCCCCCCCCCCCC
AAACCCCCCCCCCCCCCCCCCCCCC
AAACCCCCCCCCCCCCCCCCCCCCC
AAACCCCCCCCCCCCCCCCCCCCCC
AAACCCCCCCCCCCCCCCCCCCCCC
AAACCCCCCCCCCCCCCCCCCCCCC
AAACCCCCCCCCCCCCCCCCCCCCC
AAACCCCCCCCCCCCCCCCCCCCCC
AAACCCCCCCCCCCCCCCCCCCCCC
AAACCCCCCCCCCCCCCCCCCCCCC
AAACCCCCCCCCCCCCCCCCCCCCC
AAACCCCCCCCCCCCCCCCCCCCCC
AAACCCCCCCCCCCCCCCCCCCCCC
AAACCCCCCCCCCCCCCCCCCCCCC
AAACCCCCCCCCCCCCCCCCCCCCC
AAACCCCCCCCCCCCCCCCCCCCCC
AAACCCCCCCCCCCCCCCCCCCCCC
AAACCCCCCCCCCCCCCCCCCCCCC
AAA?DEEEEEEEEEEEEEEEEEEEE
AAA?DEEEEEEEEEEEEEEEEEEEE
AAA?DEEEEEEEEEEEEEEEEEEEE
AAA?DEEEEEEEEEEEEEEEEEEEE
BBBBDEEEEEEEEEEEEEEEEEEEE
BBBBDEEEEEEEEEEEEEEEEEEEE
Case #79:
ABCDEFGHIJKLMNOPQRSTUVWXY
ABCDEFGHIJKLMNOPQRSTUVWXY
ABCDEFGHIJKLMNOPQRSTUVWXY
ABCDEFGHIJKLMNOPQRSTUVWXY
ABCDEFGHIJKLMNOPQRSTUVWXY
ABCDEFGHIJKLMNOPQRSTUVWXY
ABCDEFGHIJKLMNOPQRSTUVWXY
ABCDEFGHIJKLMNOPQRSTUVWXY
ABCDEFGHIJKLMNOPQRSTUVWXY
ABCDEFGHIJKLMNOPQRSTUVWXY
ABCDEFGHIJKLMNOPQRSTUVWXY
ABCDEFGHIJKLMNOPQRSTUVWXY
ABCDEFGHIJKLMNOPQRSTUVWXY
ABCDEFGHIJKLMNOPQRSTUVWXY
ABCDEFGHIJKLMNOPQRSTUVWXY
ABCDEFGHIJKLMNOPQRSTUVWXY
ABCDEFGHIJKLMNOPQRSTUVWXY
ABCDEFGHIJKLMNOPQRSTUVWXY
ABCDEFGHIJKLMNOPQRSTUVWXY
ABCDEFGHIJKLMNOPQRSTUVWXY
ABCDEFGHIJKLMNOPQRSTUVWXY
ABCDEFGHIJKLMNOPQRSTUVWXY
ABCDEFGHIJKLMNOPQRSTUVWXY
ABCDEFGHIJKLMNOPQRSTUVWXY
ABCDEFGHIJKLMNOPQRSTUVWXY
Case #80:
AAAAAAAAAAAAAAAAAAAAAAAAA
BBBBBBBBBBBBBBBBBBBBBBBBB
CCCCCCCCCCCCCCCCCCCCCCCCC
DDDDDDDDDDDDDDDDDDDDDDDDD
EEEEEEEEEEEEEEEEEEEEEEEEE
FFFFFFFFFFFFFFFFFFFFFFFFF
GGGGGGGGGGGGGGGGGGGGGGGGG
HHHHHHHHHHHHHHHHHHHHHHHHH
IIIIIIIIIIIIIIIIIIIIIIIII
JJJJJJJJJJJJJJJJJJJJJJJJJ
KKKKKKKKKKKKKKKKKKKKKKKKK
LLLLLLLLLLLLLLLLLLLLLLLLL
MMMMMMMMMMMMMMMMMMMMMMMMM
NNNNNNNNNNNNNNNNNNNNNNNNN
OOOOOOOOOOOOOOOOOOOOOOOOO
PPPPPPPPPPPPPPPPPPPPPPPPP
QQQQQQQQQQQQQQQQQQQQQQQQQ
RRRRRRRRRRRRRRRRRRRRRRRRR
SSSSSSSSSSSSSSSSSSSSSSSSS
TTTTTTTTTTTTTTTTTTTTTTTTT
UUUUUUUUUUUUUUUUUUUUUUUUU
VVVVVVVVVVVVVVVVVVVVVVVVV
WWWWWWWWWWWWWWWWWWWWWWWWW
XXXXXXXXXXXXXXXXXXXXXXXXX
YYYYYYYYYYYYYYYYYYYYYYYYY
Case #81:
AAAAAAAAACCCCCCCCCCCCCCCC
AAAAAAAAACCCCCCCCCCCCCCCC
AAAAAAAAACCCCCCCCCCCCCCCC
AAAAAAAAACCCCCCCCCCCCCCCC
AAAAAAAAA?DEEEEEEEEEEEEEE
AAAAAAAAA?DEEEEEEEEEEEEEE
AAAAAAAAA?DEEEEEEEEEEEEEE
AAAAAAAAA?DEEEEEEEEEEEEEE
BBBBBBBBBBDEEEEEEEEEEEEEE
BBBBBBBBBBDEEEEEEEEEEEEEE
BBBBBBBBBBDEEEEEEEEEEEEEE
BBBBBBBBBBDEEEEEEEEEEEEEE
BBBBBBBBBBDEEEEEEEEEEEEEE
BBBBBBBBBBDFFFFFFFFFGGGGG
BBBBBBBBBBDHHHHHHHHHGGGGG
BBBBBBBBBBDHHHHHHHHHIIIII
BBBBBBBBBBDJJJJJJJJJIIIII
BBBBBBBBBBDJJJJJJJJJIIIII
BBBBBBBBBBDJJJJJJJJJIIIII
BBBBBBBBBBDJJJJJJJJJIIIII
BBBBBBBBBBDJJJJJJJJJIIIII
BBBBBBBBBBDJJJJJJJJJIIIII
BBBBBBBBBBDJJJJJJJJJIIIII
BBBBBBBBBBDJJJJJJJJJIIIII
BBBBBBBBBBDJJJJJJJJJIIIII
Case #82:
QZZZZZZZWVVVVVVVVVVVVVVVV
QZZZZZZZWVVVVVVVVVVVVVVVV
QZZZZZZZWGGGGGGGGGGGGGGGG
QZZZZZZZWDDDDDDDDDDDDDDDD
QZZZZZZZWMMMMMMMMMMMMMMMM
QZZZZZZZWMMMMMMMMMMMMMMMM
QZZZZZZZWFFFFFFFFFFFFFFFF
QPKKKKEEWHHHHHHHHRRRRRRRI
QPKKKKTTWHHHHHHHHRRRRRRRI
QPKKKKTTWHHHHHHHHRRRRRRRI
QPKKKKTTWHHHHHHHHRRRRRRRI
QPKKKKTTWHHHHHHHHRRRRRRRI
QPKKKKTTWHHHHHHHHRRRRRRRI
QPKKKKTTWHHHHHHHHRRRRRRRI
QPKKKKTTWHHHHHHHHRRRRRRRI
QPKKKKTTWHHHHHHHHRRRRRRRI
QP?YYYTTWHHHHHHHHRRRRRRRI
QP?YYYTTWUUUUSSSCRRRRRRRI
QP?YYYTTWUUUUSSSC???AAAAI
QP?YYYTTWUUUUSSSC???AAAAI
QJJYYYTTWUUUUSSSNNNNAAAAX
QJJYYYTTBUUUUSSSOOOOAAAAX
QJJYYYTTBUUUUSSSOOOOAAAAX
QLLYYYTTBUUUUSSSOOOOAAAAX
QLLYYYTTBUUUUSSSOOOOAAAAX
Case #83:
AAAAAACCCCCCCCCCCCCCCCCCC
AAAAAACCCCCCCCCCCCCCCCCCC
AAAAAACCCCCCCCCCCCCCCCCCC
AAAAAACCCCCCCCCCCCCCCCCCC
AAAAAACCCCCCCCCCCCCCCCCCC
AAAAAACCCCCCCCCCCCCCCCCCC
AAAAAACCCCCCCCCCCCCCCCCCC
AAAAAA?DEEEEEEEEEEEEEEEEE
AAAAAA?DEEEEEEEEEEEEEEEEE
AAAAAA?DEEEEEEEEEEEEEEEEE
AAAAAA?DEEEEEEEEEEEEEEEEE
BBBBBBBDEEEEEEEEEEEEEEEEE
BBBBBBBDEEEEEEEEEEEEEEEEE
BBBBBBBDEEEEEEEEEEEEEEEEE
BBBBBBBDEEEEEEEEEEEEEEEEE
BBBBBBBDEEEEEEEEEEEEEEEEE
BBBBBBBDEEEEEEEEEEEEEEEEE
BBBBBBBDEEEEEEEEEEEEEEEEE
BBBBBBBDEEEEEEEEEEEEEEEEE
BBBBBBBDFFFFFFFFFFFFGGGGG
BBBBBBBDHHHHHHHHHHHHGGGGG
BBBBBBBDHHHHHHHHHHHHIIIII
BBBBBBBDJJJJJJJJJJJJIIIII
BBBBBBBDJJJJJJJJJJJJIIIII
BBBBBBBDJJJJJJJJJJJJIIIII
Case #84:
AAAAAAABBBBBBBBBBBBBBBBBB
AAAAAAABBBBBBBBBBBBBBBBBB
AAAAAAABBBBBBBBBBBBBBBBBB
AAAAAAABBBBBBBBBBBBBBBBBB
AAAAAAABBBBBBBBBBBBBBBBBB
CCCCCCCBBBBBBBBBBBBBBBBBB
CCCCCCCDDDDDDDDDDDDDDDDDD
EEEEEEEDDDDDDDDDDDDDDDDDD
EEEEEEEDDDDDDDDDDDDDDDDDD
EEEEEEEDDDDDDDDDDDDDDDDDD
EEEEEEEDDDDDDDDDDDDDDDDDD
EEEEEEEDDDDDDDDDDDDDDDDDD
EEEEEEEDDDDDDDDDDDDDDDDDD
EEEEEEEDDDDDDDDDDDDDDDDDD
EEEEEEEFFFFFFFFFFFFFFHHHH
EEEEEEEFFFFFFFFFFFFFF?IJJ
EEEEEEEFFFFFFFFFFFFFF?IJJ
EEEEEEEFFFFFFFFFFFFFF?IJJ
EEEEEEEFFFFFFFFFFFFFF?IJJ
EEEEEEEGGGGGGGGGGGGGGGIJJ
EEEEEEEGGGGGGGGGGGGGGGIJJ
EEEEEEEGGGGGGGGGGGGGGGIJJ
EEEEEEEGGGGGGGGGGGGGGGIJJ
EEEEEEEGGGGGGGGGGGGGGGIJJ
EEEEEEEGGGGGGGGGGGGGGGIJJ
Case #85:
AAAAAAACCCCCCCCCCCCCCCCCC
AAAAAAACCCCCCCCCCCCCCCCCC
AAAAAAACCCCCCCCCCCCCCCCCC
AAAAAAACCCCCCCCCCCCCCCCCC
AAAAAAACCCCCCCCCCCCCCCCCC
AAAAAAACCCCCCCCCCCCCCCCCC
AAAAAAACCCCCCCCCCCCCCCCCC
AAAAAAACCCCCCCCCCCCCCCCCC
AAAAAAACCCCCCCCCCCCCCCCCC
AAAAAAACCCCCCCCCCCCCCCCCC
AAAAAAACCCCCCCCCCCCCCCCCC
AAAAAAACCCCCCCCCCCCCCCCCC
AAAAAAA?DEEEEEEEEEEEEEEEE
AAAAAAA?DEEEEEEEEEEEEEEEE
AAAAAAA?DEEEEEEEEEEEEEEEE
AAAAAAA?DEEEEEEEEEEEEEEEE
BBBBBBBBDEEEEEEEEEEEEEEEE
BBBBBBBBDEEEEEEEEEEEEEEEE
BBBBBBBBDEEEEEEEEEEEEEEEE
BBBBBBBBDEEEEEEEEEEEEEEEE
BBBBBBBBDEEEEEEEEEEEEEEEE
BBBBBBBBDEEEEEEEEEEEEEEEE
BBBBBBBBDEEEEEEEEEEEEEEEE
BBBBBBBBDEEEEEEEEEEEEEEEE
BBBBBBBBDEEEEEEEEEEEEEEEE
Case #86:
ABCDEFGHIJKLMNOPQRSTUVWXY
ABCDEFGHIJKLMNOPQRSTUVWXY
ABCDEFGHIJKLMNOPQRSTUVWXY
ABCDEFGHIJKLMNOPQRSTUVWXY
ABCDEFGHIJKLMNOPQRSTUVWXY
ABCDEFGHIJKLMNOPQRSTUVWXY
ABCDEFGHIJKLMNOPQRSTUVWXY
ABCDEFGHIJKLMNOPQRSTUVWXY
ABCDEFGHIJKLMNOPQRSTUVWXY
ABCDEFGHIJKLMNOPQRSTUVWXY
ABCDEFGHIJKLMNOPQRSTUVWXY
ABCDEFGHIJKLMNOPQRSTUVWXY
ABCDEFGHIJKLMNOPQRSTUVWXY
ABCDEFGHIJKLMNOPQRSTUVWXY
ABCDEFGHIJKLMNOPQRSTUVWXY
ABCDEFGHIJKLMNOPQRSTUVWXY
ABCDEFGHIJKLMNOPQRSTUVWXY
ABCDEFGHIJKLMNOPQRSTUVWXY
ABCDEFGHIJKLMNOPQRSTUVWXY
ABCDEFGHIJKLMNOPQRSTUVWXY
ABCDEFGHIJKLMNOPQRSTUVWXY
ABCDEFGHIJKLMNOPQRSTUVWXY
ABCDEFGHIJKLMNOPQRSTUVWXY
ABCDEFGHIJKLMNOPQRSTUVWXY
ABCDEFGHIJKLMNOPQRSTUVWXY
Case #87:
BC
DA
Case #88:
AA
Case #89:
ZZZZZZZZGOTTTTTTTTTTTTTTT
ZZZZZZZZGOTTTTTTTTTTTTTTT
ZZZZZZZZGOTTTTTTTTTTTTTTT
ZZZZZZZZGOTTTTTTTTTTTTTTT
ZZZZZZZZGOTTTTTTTTTTTTTTT
ZZZZZZZZGOTTTTTTTTTTTTTTT
ZZZZZZZZGOTTTTTTTTTTTTTTT
ZZZZZZZZGOTTTTTTTTTTTTTTT
ZZZZZZZZGOTTTTTTTTTTTTTTT
ZZZZZZZZGOTTTTTTTTTTTTTTT
ZZZZZZZZGOTTTTTTTTTTTTTTT
ZZZZZZZZGOTTTTTTTTTTTTTTT
ZZZZZZZZGOTTTTTTTTTTTTTTT
ZZZZZZZZGOTTTTTTTTTTTTTTT
ZZZZZZZZGOTTTTTTTTTTTTTTT
ZZZZZZZZGOTTTTTTTTTTTTTTT
ZZZZZZZZGOTTTTTTTTTTTTTTT
ZZZZZZZZGOFFCCCCCCCCCCCCC
ZZZZZZZZGOFFUUUUUUUUUUUUU
IIIIYWBKGOHHHHJJEEEEEEEEE
IIIIYWBKGOAAAAAREEEEEEEEE
IIIIYWBKGOAAAAAREEEEEEEEE
IIIIYSBVGOAAAAAREEEEEEEEE
IIIIYLBVMQAAAAARXXXXXXXXX
PPPPYLBVDNAAAAARXXXXXXXXX
Case #90:
ZZZZZZZZZZZZZZZZZZZZZZZZZ
KKKKKKKKKKKKKKKKKKKKKKKKK
DDDDDDDDDDDDDDDDDDDDDDDDD
DDDDDDDDDDDDDDDDDDDDDDDDD
BBBBBBBCNNNNNRRRRRRRRPJJJ
BBBBBBBCNNNNNRRRRRRRRPJJJ
BBBBBBBCNNNNNRRRRRRRRPJJJ
BBBBBBBCNNNNNRRRRRRRRPJJJ
BBBBBBBCNNNNNRRRRRRRRPMMM
BBBBBBBCNNNNNRRRRRRRRPFFF
BBBBBBBCNNNNNOOOOOOLLPFFF
BBBBBBBCNNNNNOOOOOOLLPFFF
BBBBBBBCNNNNNWWWWWWLLHFFF
BBBBBBBCNNNNNWWWWWWLLHFFF
BBBBBBBCNNNNNWWWWWWLLHFFF
BBBBBBBCNNNNNWWWWWWLLSFFF
BBBBBBBCNNNNNWWWWWW?TSFFF
XGGIIUECNNNNNWWWWWW?TSFFF
XGGIIUECNNNNNYYYYYAATSFFF
XGGIIUECVVVVVYYYYYQQTSFFF
XGGIIUECVVVVVYYYYYQQTSFFF
XGGIIUECVVVVVYYYYYQQTSFFF
XGGIIUECVVVVVYYYYYQQTSFFF
XGGIIUECVVVVVYYYYYQQTSFFF
XGGIIUECVVVVVYYYYYQQTSFFF
Case #91:
CCCJH
BAKFG
DAIEG
Case #92:
AABBCCDDEEFFGGHHIIJJKKLLM
ZNNOOPPQQRRSSTTUUVVWWXXYM
ZNNOOPPQQRRSSTTUUVVWWXXYM
ZNNOOPPQQRRSSTTUUVVWWXXYM
ZNNOOPPQQRRSSTTUUVVWWXXYM
ZNNOOPPQQRRSSTTUUVVWWXXYM
ZNNOOPPQQRRSSTTUUVVWWXXYM
ZNNOOPPQQRRSSTTUUVVWWXXYM
ZNNOOPPQQRRSSTTUUVVWWXXYM
ZNNOOPPQQRRSSTTUUVVWWXXYM
ZNNOOPPQQRRSSTTUUVVWWXXYM
ZNNOOPPQQRRSSTTUUVVWWXXYM
ZNNOOPPQQRRSSTTUUVVWWXXYM
ZNNOOPPQQRRSSTTUUVVWWXXYM
ZNNOOPPQQRRSSTTUUVVWWXXYM
ZNNOOPPQQRRSSTTUUVVWWXXYM
ZNNOOPPQQRRSSTTUUVVWWXXYM
ZNNOOPPQQRRSSTTUUVVWWXXYM
ZNNOOPPQQRRSSTTUUVVWWXXYM
ZNNOOPPQQRRSSTTUUVVWWXXYM
ZNNOOPPQQRRSSTTUUVVWWXXYM
ZNNOOPPQQRRSSTTUUVVWWXXYM
ZNNOOPPQQRRSSTTUUVVWWXXYM
ZNNOOPPQQRRSSTTUUVVWWXXYM
ZNNOOPPQQRRSSTTUUVVWWXXYM
Case #93:
ZZZZZZZZZZZZZZZZZZZZNNXXX
ZZZZZZZZZZZZZZZZZZZZNNXXX
ZZZZZZZZZZZZZZZZZZZZNNXXX
ZZZZZZZZZZZZZZZZZZZZNNXXX
ZZZZZZZZZZZZZZZZZZZZNNXXX
ZZZZZZZZZZZZZZZZZZZZNNXXX
ZZZZZZZZZZZZZZZZZZZZNNXXX
ZZZZZZZZZZZZZZZZZZZZNNXXX
ZZZZZZZZZZZZZZZZZZZZSFXXX
LLLLLLLLLLLLLQQQRRVVSFXXX
LLLLLLLLLLLLLQQQRRVVSFKKK
LLLLLLLLLLLLLQQQRRVVSFKKK
LLLLLLLLLLLLLQQQRRVVSBKKK
LLLLLLLLLLLLLQQQRRVVSBKKK
LLLLLLLLLLLLLDDWRRVVSBOOO
LLLLLLLLLLLLLDDWIYYESMMMT
LLLLLLLLLLLLLDDWIYYESGGGT
LLLLLLLLLLLLLDDWIYYEHGGGC
LLLLLLLLLLLLLDDWIYYEHPAAC
LLLLLLLLLLLLLDDWIUUJHPAAC
LLLLLLLLLLLLLDDWIUUJHPAAC
LLLLLLLLLLLLLDDWIUUJHPAAC
LLLLLLLLLLLLLDDWIUUJHPAAC
LLLLLLLLLLLLLDDWIUUJHPAAC
LLLLLLLLLLLLLDDWIUUJHPAAC
Case #94:
AAAAAAAAAAAAAAAAAACCCCCCC
AAAAAAAAAAAAAAAAAACCCCCCC
AAAAAAAAAAAAAAAAAACCCCCCC
AAAAAAAAAAAAAAAAAACCCCCCC
AAAAAAAAAAAAAAAAAACCCCCCC
AAAAAAAAAAAAAAAAAACCCCCCC
AAAAAAAAAAAAAAAAAACCCCCCC
AAAAAAAAAAAAAAAAAACCCCCCC
AAAAAAAAAAAAAAAAAACCCCCCC
AAAAAAAAAAAAAAAAAACCCCCCC
AAAAAAAAAAAAAAAAAACCCCCCC
AAAAAAAAAAAAAAAAAACCCCCCC
AAAAAAAAAAAAAAAAAACCCCCCC
AAAAAAAAAAAAAAAAAACCCCCCC
AAAAAAAAAAAAAAAAAA?DEEEEE
AAAAAAAAAAAAAAAAAA?DEEEEE
AAAAAAAAAAAAAAAAAA?DEEEEE
AAAAAAAAAAAAAAAAAA?DEEEEE
BBBBBBBBBBBBBBBBBBBDEEEEE
BBBBBBBBBBBBBBBBBBBDEEEEE
BBBBBBBBBBBBBBBBBBBDEEEEE
BBBBBBBBBBBBBBBBBBBDEEEEE
BBBBBBBBBBBBBBBBBBBDEEEEE
BBBBBBBBBBBBBBBBBBBDEEEEE
BBBBBBBBBBBBBBBBBBBDEEEEE
Case #95:
KKKRDG
JNPRDO
CLPRDI
CLABDI
CHQEDI
MHQFDI
Case #96:
BBBB
JJJE
AIDF
AIGC
AIGH
AIGH
Case #97:
AAAAAAAAACCCCCCCCCCCCCCCC
AAAAAAAAACCCCCCCCCCCCCCCC
AAAAAAAAACCCCCCCCCCCCCCCC
AAAAAAAAACCCCCCCCCCCCCCCC
AAAAAAAAACCCCCCCCCCCCCCCC
AAAAAAAAACCCCCCCCCCCCCCCC
AAAAAAAAA?DEEEEEEEEEEEEEE
AAAAAAAAA?DEEEEEEEEEEEEEE
AAAAAAAAA?DEEEEEEEEEEEEEE
AAAAAAAAA?DEEEEEEEEEEEEEE
BBBBBBBBBBDEEEEEEEEEEEEEE
BBBBBBBBBBDEEEEEEEEEEEEEE
BBBBBBBBBBDEEEEEEEEEEEEEE
BBBBBBBBBBDFFFFFFFFFFFGGG
BBBBBBBBBBDHHHHHHHHHHHGGG
BBBBBBBBBBDHHHHHHHHHHHIII
BBBBBBBBBBDJJJJJJJJJJJIII
BBBBBBBBBBDJJJJJJJJJJJIII
BBBBBBBBBBDJJJJJJJJJJJIII
BBBBBBBBBBDJJJJJJJJJJJIII
BBBBBBBBBBDJJJJJJJJJJJIII
BBBBBBBBBBDJJJJJJJJJJJIII
BBBBBBBBBBDJJJJJJJJJJJIII
BBBBBBBBBBDJJJJJJJJJJJIII
BBBBBBBBBBDJJJJJJJJJJJIII
Case #98:
AAAAAAAAAABBBBBBBBBBBBBBB
AAAAAAAAAABBBBBBBBBBBBBBB
AAAAAAAAAABBBBBBBBBBBBBBB
AAAAAAAAAABBBBBBBBBBBBBBB
AAAAAAAAAABBBBBBBBBBBBBBB
AAAAAAAAAABBBBBBBBBBBBBBB
AAAAAAAAAABBBBBBBBBBBBBBB
AAAAAAAAAABBBBBBBBBBBBBBB
AAAAAAAAAABBBBBBBBBBBBBBB
AAAAAAAAAABBBBBBBBBBBBBBB
CCCCCCCCCCBBBBBBBBBBBBBBB
CCCCCCCCCCDDDDDDDDDDDDDDD
EEEEEEEEEEDDDDDDDDDDDDDDD
EEEEEEEEEEDDDDDDDDDDDDDDD
EEEEEEEEEEDDDDDDDDDDDDDDD
EEEEEEEEEEDDDDDDDDDDDDDDD
EEEEEEEEEEDDDDDDDDDDDDDDD
EEEEEEEEEEDDDDDDDDDDDDDDD
EEEEEEEEEEDDDDDDDDDDDDDDD
EEEEEEEEEEDDDDDDDDDDDDDDD
EEEEEEEEEEDDDDDDDDDDDDDDD
EEEEEEEEEEDDDDDDDDDDDDDDD
EEEEEEEEEEDDDDDDDDDDDDDDD
EEEEEEEEEEDDDDDDDDDDDDDDD
EEEEEEEEEEDDDDDDDDDDDDDDD
Case #99:
EEEEEEEEEEEEEEEEEEEEEEEEE
EEEEEEEEEEEEEEEEEEEEEEEEE
EEEEEEEEEEEEEEEEEEEEEEEEE
EEEEEEEEEEEEEEEEEEEEEEEEE
EEEEEEEEEEEEEEEEEEEEEEEEE
EEEEEEEEEEEEEEEEEEEEEEEEE
EEEEEEEEEEEEEEEEEEEEEEEEE
EEEEEEEEEEEEEEEEEEEEEEEEE
EEEEEEEEEEEEEEEEEEEEEEEEE
EEEEEEEEEEEEEEEEEEEEEEEEE
EEEEEEEEEEEEEEEEEEEEEEEEE
NNFFFFFFFFFFFFFFFFFFFFFFF
GLFFFFFFFFFFFFFFFFFFFFFFF
GLWIRRRRRRRRRRRRRRRRRRRRR
GCWSOMMMMMMMMMMMMMMMMMMMM
GAWSODYYYYYYYYYYYYYYYYYYY
GAWSHDYYYYYYYYYYYYYYYYYYY
ZQUPHDYYYYYYYYYYYYYYYYYYY
BQUJVDYYYYYYYYYYYYYYYYYYY
BTXJVDYYYYYYYYYYYYYYYYYYY
BKXJVDYYYYYYYYYYYYYYYYYYY
BKXJVDYYYYYYYYYYYYYYYYYYY
BKXJVDYYYYYYYYYYYYYYYYYYY
BKXJVDYYYYYYYYYYYYYYYYYYY
BKXJVDYYYYYYYYYYYYYYYYYYY
Case #100:
PP
BU
ZU
RC
OC
AS
AS
HS
WD
WE
MK
MK
QL
GL
GL
GT
JX
YX
YX
YV
YV
YI
YI
YI
FN
